# JRE version: OpenJDK Runtime Environment Temurin-21.0.7+6 (21.0.7+6) (build 21.0.7+6-LTS)
# Java VM: OpenJDK 64-Bit Server VM Temurin-21.0.7+6 (21.0.7+6-LTS, mixed mode, sharing, tiered, compressed oops, compressed class ptrs, parallel gc, windows-amd64)
GC Precious Log:
 CardTable entry size: 512
 CPUs: 4 total, 4 available
 Memory: 8029M
 Large Page Support: Disabled
 NUMA Support: Disabled
 Compressed Oops: Enabled (32-bit)
 Alignments: Space 512K, Generation 512K, Heap 2M
 Heap Min Capacity: 100M
 Heap Initial Capacity: 100M
 Heap Max Capacity: 2G
 Pre-touch: Disabled
 Parallel Workers: 4
Heap:
 PSYoungGen      total 22528K, used 3844K [0x00000000d5580000, 0x00000000d7100000, 0x0000000100000000)
  eden space 22016K, 16% used [0x00000000d5580000,0x00000000d5906710,0x00000000d6b00000)
  from space 512K, 45% used [0x00000000d7000000,0x00000000d703a9a0,0x00000000d7080000)
  to   space 512K, 0% used [0x00000000d7080000,0x00000000d7080000,0x00000000d7100000)
 ParOldGen       total 68608K, used 39977K [0x0000000080000000, 0x0000000084300000, 0x00000000d5580000)
  object space 68608K, 58% used [0x0000000080000000,0x000000008270a7d0,0x0000000084300000)
 Metaspace       used 64847K, committed 66240K, reserved 1114112K
  class space    used 7946K, committed 8512K, reserved 1048576K
GC Heap History (20 events):
Event: 161.332 GC heap before
{Heap before GC invocations=27 (full 2):
 PSYoungGen      total 23040K, used 20893K [0x00000000d5580000, 0x00000000d7300000, 0x0000000100000000)
  eden space 22016K, 91% used [0x00000000d5580000,0x00000000d691b580,0x00000000d6b00000)
  from space 1024K, 79% used [0x00000000d7200000,0x00000000d72cc010,0x00000000d7300000)
  to   space 2560K, 0% used [0x00000000d6e00000,0x00000000d6e00000,0x00000000d7080000)
 ParOldGen       total 68608K, used 39397K [0x0000000080000000, 0x0000000084300000, 0x00000000d5580000)
  object space 68608K, 57% used [0x0000000080000000,0x00000000826796f8,0x0000000084300000)
 Metaspace       used 58479K, committed 59776K, reserved 1114112K
  class space    used 6756K, committed 7360K, reserved 1048576K
}
Event: 161.343 GC heap after
{Heap after GC invocations=27 (full 2):
 PSYoungGen      total 24576K, used 689K [0x00000000d5580000, 0x00000000d7280000, 0x0000000100000000)
  eden space 22016K, 0% used [0x00000000d5580000,0x00000000d5580000,0x00000000d6b00000)
  from space 2560K, 26% used [0x00000000d6e00000,0x00000000d6eac640,0x00000000d7080000)
  to   space 1024K, 0% used [0x00000000d7180000,0x00000000d7180000,0x00000000d7280000)
 ParOldGen       total 68608K, used 40173K [0x0000000080000000, 0x0000000084300000, 0x00000000d5580000)
  object space 68608K, 58% used [0x0000000080000000,0x000000008273b728,0x0000000084300000)
 Metaspace       used 58479K, committed 59776K, reserved 1114112K
  class space    used 6756K, committed 7360K, reserved 1048576K
}
Event: 161.343 GC heap before
{Heap before GC invocations=28 (full 3):
 PSYoungGen      total 24576K, used 689K [0x00000000d5580000, 0x00000000d7280000, 0x0000000100000000)
  eden space 22016K, 0% used [0x00000000d5580000,0x00000000d5580000,0x00000000d6b00000)
  from space 2560K, 26% used [0x00000000d6e00000,0x00000000d6eac640,0x00000000d7080000)
  to   space 1024K, 0% used [0x00000000d7180000,0x00000000d7180000,0x00000000d7280000)
 ParOldGen       total 68608K, used 40173K [0x0000000080000000, 0x0000000084300000, 0x00000000d5580000)
  object space 68608K, 58% used [0x0000000080000000,0x000000008273b728,0x0000000084300000)
 Metaspace       used 58479K, committed 59776K, reserved 1114112K
  class space    used 6756K, committed 7360K, reserved 1048576K
}
Event: 161.558 GC heap after
{Heap after GC invocations=28 (full 3):
 PSYoungGen      total 24576K, used 0K [0x00000000d5580000, 0x00000000d7280000, 0x0000000100000000)
  eden space 22016K, 0% used [0x00000000d5580000,0x00000000d5580000,0x00000000d6b00000)
  from space 2560K, 0% used [0x00000000d6e00000,0x00000000d6e00000,0x00000000d7080000)
  to   space 1024K, 0% used [0x00000000d7180000,0x00000000d7180000,0x00000000d7280000)
 ParOldGen       total 68608K, used 38014K [0x0000000080000000, 0x0000000084300000, 0x00000000d5580000)
  object space 68608K, 55% used [0x0000000080000000,0x000000008251f820,0x0000000084300000)
 Metaspace       used 58479K, committed 59776K, reserved 1114112K
  class space    used 6756K, committed 7360K, reserved 1048576K
}
Event: 163.121 GC heap before
{Heap before GC invocations=29 (full 3):
 PSYoungGen      total 24576K, used 22016K [0x00000000d5580000, 0x00000000d7280000, 0x0000000100000000)
  eden space 22016K, 100% used [0x00000000d5580000,0x00000000d6b00000,0x00000000d6b00000)
  from space 2560K, 0% used [0x00000000d6e00000,0x00000000d6e00000,0x00000000d7080000)
  to   space 1024K, 0% used [0x00000000d7180000,0x00000000d7180000,0x00000000d7280000)
 ParOldGen       total 68608K, used 38014K [0x0000000080000000, 0x0000000084300000, 0x00000000d5580000)
  object space 68608K, 55% used [0x0000000080000000,0x000000008251f820,0x0000000084300000)
 Metaspace       used 60126K, committed 61440K, reserved 1114112K
  class space    used 6994K, committed 7552K, reserved 1048576K
}
Event: 163.129 GC heap after
{Heap after GC invocations=29 (full 3):
 PSYoungGen      total 23040K, used 992K [0x00000000d5580000, 0x00000000d7280000, 0x0000000100000000)
  eden space 22016K, 0% used [0x00000000d5580000,0x00000000d5580000,0x00000000d6b00000)
  from space 1024K, 96% used [0x00000000d7180000,0x00000000d7278190,0x00000000d7280000)
  to   space 1536K, 0% used [0x00000000d6f80000,0x00000000d6f80000,0x00000000d7100000)
 ParOldGen       total 68608K, used 38030K [0x0000000080000000, 0x0000000084300000, 0x00000000d5580000)
  object space 68608K, 55% used [0x0000000080000000,0x0000000082523820,0x0000000084300000)
 Metaspace       used 60126K, committed 61440K, reserved 1114112K
  class space    used 6994K, committed 7552K, reserved 1048576K
}
Event: 164.164 GC heap before
{Heap before GC invocations=30 (full 3):
 PSYoungGen      total 23040K, used 23008K [0x00000000d5580000, 0x00000000d7280000, 0x0000000100000000)
  eden space 22016K, 100% used [0x00000000d5580000,0x00000000d6b00000,0x00000000d6b00000)
  from space 1024K, 96% used [0x00000000d7180000,0x00000000d7278190,0x00000000d7280000)
  to   space 1536K, 0% used [0x00000000d6f80000,0x00000000d6f80000,0x00000000d7100000)
 ParOldGen       total 68608K, used 38030K [0x0000000080000000, 0x0000000084300000, 0x00000000d5580000)
  object space 68608K, 55% used [0x0000000080000000,0x0000000082523820,0x0000000084300000)
 Metaspace       used 61628K, committed 62912K, reserved 1114112K
  class space    used 7280K, committed 7808K, reserved 1048576K
}
Event: 164.168 GC heap after
{Heap after GC invocations=30 (full 3):
 PSYoungGen      total 23552K, used 407K [0x00000000d5580000, 0x00000000d7200000, 0x0000000100000000)
  eden space 22016K, 0% used [0x00000000d5580000,0x00000000d5580000,0x00000000d6b00000)
  from space 1536K, 26% used [0x00000000d6f80000,0x00000000d6fe5c78,0x00000000d7100000)
  to   space 1024K, 0% used [0x00000000d7100000,0x00000000d7100000,0x00000000d7200000)
 ParOldGen       total 68608K, used 38731K [0x0000000080000000, 0x0000000084300000, 0x00000000d5580000)
  object space 68608K, 56% used [0x0000000080000000,0x00000000825d2df8,0x0000000084300000)
 Metaspace       used 61628K, committed 62912K, reserved 1114112K
  class space    used 7280K, committed 7808K, reserved 1048576K
}
Event: 165.898 GC heap before
{Heap before GC invocations=31 (full 3):
 PSYoungGen      total 23552K, used 22423K [0x00000000d5580000, 0x00000000d7200000, 0x0000000100000000)
  eden space 22016K, 100% used [0x00000000d5580000,0x00000000d6b00000,0x00000000d6b00000)
  from space 1536K, 26% used [0x00000000d6f80000,0x00000000d6fe5c78,0x00000000d7100000)
  to   space 1024K, 0% used [0x00000000d7100000,0x00000000d7100000,0x00000000d7200000)
 ParOldGen       total 68608K, used 38731K [0x0000000080000000, 0x0000000084300000, 0x00000000d5580000)
  object space 68608K, 56% used [0x0000000080000000,0x00000000825d2df8,0x0000000084300000)
 Metaspace       used 62901K, committed 64256K, reserved 1114112K
  class space    used 7565K, committed 8128K, reserved 1048576K
}
Event: 165.900 GC heap after
{Heap after GC invocations=31 (full 3):
 PSYoungGen      total 22528K, used 421K [0x00000000d5580000, 0x00000000d7180000, 0x0000000100000000)
  eden space 22016K, 0% used [0x00000000d5580000,0x00000000d5580000,0x00000000d6b00000)
  from space 512K, 82% used [0x00000000d7100000,0x00000000d7169528,0x00000000d7180000)
  to   space 512K, 0% used [0x00000000d7080000,0x00000000d7080000,0x00000000d7100000)
 ParOldGen       total 68608K, used 38859K [0x0000000080000000, 0x0000000084300000, 0x00000000d5580000)
  object space 68608K, 56% used [0x0000000080000000,0x00000000825f2df8,0x0000000084300000)
 Metaspace       used 62901K, committed 64256K, reserved 1114112K
  class space    used 7565K, committed 8128K, reserved 1048576K
}
Event: 166.582 GC heap before
{Heap before GC invocations=32 (full 3):
 PSYoungGen      total 22528K, used 22437K [0x00000000d5580000, 0x00000000d7180000, 0x0000000100000000)
  eden space 22016K, 100% used [0x00000000d5580000,0x00000000d6b00000,0x00000000d6b00000)
  from space 512K, 82% used [0x00000000d7100000,0x00000000d7169528,0x00000000d7180000)
  to   space 512K, 0% used [0x00000000d7080000,0x00000000d7080000,0x00000000d7100000)
 ParOldGen       total 68608K, used 38859K [0x0000000080000000, 0x0000000084300000, 0x00000000d5580000)
  object space 68608K, 56% used [0x0000000080000000,0x00000000825f2df8,0x0000000084300000)
 Metaspace       used 63945K, committed 65280K, reserved 1114112K
  class space    used 7819K, committed 8384K, reserved 1048576K
}
Event: 166.584 GC heap after
{Heap after GC invocations=32 (full 3):
 PSYoungGen      total 22528K, used 437K [0x00000000d5580000, 0x00000000d7180000, 0x0000000100000000)
  eden space 22016K, 0% used [0x00000000d5580000,0x00000000d5580000,0x00000000d6b00000)
  from space 512K, 85% used [0x00000000d7080000,0x00000000d70ed4e0,0x00000000d7100000)
  to   space 512K, 0% used [0x00000000d7100000,0x00000000d7100000,0x00000000d7180000)
 ParOldGen       total 68608K, used 39053K [0x0000000080000000, 0x0000000084300000, 0x00000000d5580000)
  object space 68608K, 56% used [0x0000000080000000,0x00000000826235b8,0x0000000084300000)
 Metaspace       used 63945K, committed 65280K, reserved 1114112K
  class space    used 7819K, committed 8384K, reserved 1048576K
}
Event: 168.245 GC heap before
{Heap before GC invocations=33 (full 3):
 PSYoungGen      total 22528K, used 22453K [0x00000000d5580000, 0x00000000d7180000, 0x0000000100000000)
  eden space 22016K, 99% used [0x00000000d5580000,0x00000000d6afff80,0x00000000d6b00000)
  from space 512K, 85% used [0x00000000d7080000,0x00000000d70ed4e0,0x00000000d7100000)
  to   space 512K, 0% used [0x00000000d7100000,0x00000000d7100000,0x00000000d7180000)
 ParOldGen       total 68608K, used 39053K [0x0000000080000000, 0x0000000084300000, 0x00000000d5580000)
  object space 68608K, 56% used [0x0000000080000000,0x00000000826235b8,0x0000000084300000)
 Metaspace       used 64846K, committed 66240K, reserved 1114112K
  class space    used 7946K, committed 8512K, reserved 1048576K
}
Event: 168.247 GC heap after
{Heap after GC invocations=33 (full 3):
 PSYoungGen      total 22528K, used 491K [0x00000000d5580000, 0x00000000d7180000, 0x0000000100000000)
  eden space 22016K, 0% used [0x00000000d5580000,0x00000000d5580000,0x00000000d6b00000)
  from space 512K, 95% used [0x00000000d7100000,0x00000000d717ac70,0x00000000d7180000)
  to   space 1536K, 0% used [0x00000000d6e80000,0x00000000d6e80000,0x00000000d7000000)
 ParOldGen       total 68608K, used 39721K [0x0000000080000000, 0x0000000084300000, 0x00000000d5580000)
  object space 68608K, 57% used [0x0000000080000000,0x00000000826ca7d0,0x0000000084300000)
 Metaspace       used 64846K, committed 66240K, reserved 1114112K
  class space    used 7946K, committed 8512K, reserved 1048576K
}
Event: 169.051 GC heap before
{Heap before GC invocations=34 (full 3):
 PSYoungGen      total 22528K, used 22507K [0x00000000d5580000, 0x00000000d7180000, 0x0000000100000000)
  eden space 22016K, 100% used [0x00000000d5580000,0x00000000d6b00000,0x00000000d6b00000)
  from space 512K, 95% used [0x00000000d7100000,0x00000000d717ac70,0x00000000d7180000)
  to   space 1536K, 0% used [0x00000000d6e80000,0x00000000d6e80000,0x00000000d7000000)
 ParOldGen       total 68608K, used 39721K [0x0000000080000000, 0x0000000084300000, 0x00000000d5580000)
  object space 68608K, 57% used [0x0000000080000000,0x00000000826ca7d0,0x0000000084300000)
 Metaspace       used 64847K, committed 66240K, reserved 1114112K
  class space    used 7946K, committed 8512K, reserved 1048576K
}
Event: 169.053 GC heap after
{Heap after GC invocations=34 (full 3):
 PSYoungGen      total 23552K, used 561K [0x00000000d5580000, 0x00000000d7180000, 0x0000000100000000)
  eden space 22016K, 0% used [0x00000000d5580000,0x00000000d5580000,0x00000000d6b00000)
  from space 1536K, 36% used [0x00000000d6e80000,0x00000000d6f0c5d0,0x00000000d7000000)
  to   space 1024K, 0% used [0x00000000d7080000,0x00000000d7080000,0x00000000d7180000)
 ParOldGen       total 68608K, used 39929K [0x0000000080000000, 0x0000000084300000, 0x00000000d5580000)
  object space 68608K, 58% used [0x0000000080000000,0x00000000826fe7d0,0x0000000084300000)
 Metaspace       used 64847K, committed 66240K, reserved 1114112K
  class space    used 7946K, committed 8512K, reserved 1048576K
}
Event: 169.933 GC heap before
{Heap before GC invocations=35 (full 3):
 PSYoungGen      total 23552K, used 22577K [0x00000000d5580000, 0x00000000d7180000, 0x0000000100000000)
  eden space 22016K, 100% used [0x00000000d5580000,0x00000000d6b00000,0x00000000d6b00000)
  from space 1536K, 36% used [0x00000000d6e80000,0x00000000d6f0c5d0,0x00000000d7000000)
  to   space 1024K, 0% used [0x00000000d7080000,0x00000000d7080000,0x00000000d7180000)
 ParOldGen       total 68608K, used 39929K [0x0000000080000000, 0x0000000084300000, 0x00000000d5580000)
  object space 68608K, 58% used [0x0000000080000000,0x00000000826fe7d0,0x0000000084300000)
 Metaspace       used 64847K, committed 66240K, reserved 1114112K
  class space    used 7946K, committed 8512K, reserved 1048576K
}
Event: 169.935 GC heap after
{Heap after GC invocations=35 (full 3):
 PSYoungGen      total 22528K, used 266K [0x00000000d5580000, 0x00000000d7100000, 0x0000000100000000)
  eden space 22016K, 0% used [0x00000000d5580000,0x00000000d5580000,0x00000000d6b00000)
  from space 512K, 51% used [0x00000000d7080000,0x00000000d70c2800,0x00000000d7100000)
  to   space 512K, 0% used [0x00000000d7000000,0x00000000d7000000,0x00000000d7080000)
 ParOldGen       total 68608K, used 39969K [0x0000000080000000, 0x0000000084300000, 0x00000000d5580000)
  object space 68608K, 58% used [0x0000000080000000,0x00000000827087d0,0x0000000084300000)
 Metaspace       used 64847K, committed 66240K, reserved 1114112K
  class space    used 7946K, committed 8512K, reserved 1048576K
}
Event: 170.765 GC heap before
{Heap before GC invocations=36 (full 3):
 PSYoungGen      total 22528K, used 22282K [0x00000000d5580000, 0x00000000d7100000, 0x0000000100000000)
  eden space 22016K, 100% used [0x00000000d5580000,0x00000000d6b00000,0x00000000d6b00000)
  from space 512K, 51% used [0x00000000d7080000,0x00000000d70c2800,0x00000000d7100000)
  to   space 512K, 0% used [0x00000000d7000000,0x00000000d7000000,0x00000000d7080000)
 ParOldGen       total 68608K, used 39969K [0x0000000080000000, 0x0000000084300000, 0x00000000d5580000)
  object space 68608K, 58% used [0x0000000080000000,0x00000000827087d0,0x0000000084300000)
 Metaspace       used 64847K, committed 66240K, reserved 1114112K
  class space    used 7946K, committed 8512K, reserved 1048576K
}
Event: 170.765 GC heap after
{Heap after GC invocations=36 (full 3):
 PSYoungGen      total 22528K, used 234K [0x00000000d5580000, 0x00000000d7100000, 0x0000000100000000)
  eden space 22016K, 0% used [0x00000000d5580000,0x00000000d5580000,0x00000000d6b00000)
  from space 512K, 45% used [0x00000000d7000000,0x00000000d703a9a0,0x00000000d7080000)
  to   space 512K, 0% used [0x00000000d7080000,0x00000000d7080000,0x00000000d7100000)
 ParOldGen       total 68608K, used 39977K [0x0000000080000000, 0x0000000084300000, 0x00000000d5580000)
  object space 68608K, 58% used [0x0000000080000000,0x000000008270a7d0,0x0000000084300000)
 Metaspace       used 64847K, committed 66240K, reserved 1114112K
  class space    used 7946K, committed 8512K, reserved 1048576K
}

