# JRE version: OpenJDK Runtime Environment Temurin-21.0.7+6 (21.0.7+6) (build 21.0.7+6-LTS)
# Java VM: OpenJDK 64-Bit Server VM Temurin-21.0.7+6 (21.0.7+6-LTS, mixed mode, sharing, tiered, compressed oops, compressed class ptrs, parallel gc, windows-amd64)
GC Precious Log:
 CardTable entry size: 512
 CPUs: 4 total, 4 available
 Memory: 8029M
 Large Page Support: Disabled
 NUMA Support: Disabled
 Compressed Oops: Enabled (32-bit)
 Alignments: Space 512K, Generation 512K, Heap 2M
 Heap Min Capacity: 100M
 Heap Initial Capacity: 100M
 Heap Max Capacity: 1G
 Pre-touch: Disabled
 Parallel Workers: 4
Heap:
 PSYoungGen      total 16896K, used 12124K [0x00000000eab00000, 0x00000000ebe80000, 0x0000000100000000)
  eden space 16384K, 71% used [0x00000000eab00000,0x00000000eb679190,0x00000000ebb00000)
  from space 512K, 73% used [0x00000000ebd80000,0x00000000ebdde1a8,0x00000000ebe00000)
  to   space 512K, 0% used [0x00000000ebe00000,0x00000000ebe00000,0x00000000ebe80000)
 ParOldGen       total 68608K, used 39454K [0x00000000c0000000, 0x00000000c4300000, 0x00000000eab00000)
  object space 68608K, 57% used [0x00000000c0000000,0x00000000c2687a88,0x00000000c4300000)
 Metaspace       used 62491K, committed 63808K, reserved 1114112K
  class space    used 7688K, committed 8256K, reserved 1048576K
GC Heap History (20 events):
Event: 51.533 GC heap before
{Heap before GC invocations=39 (full 3):
 PSYoungGen      total 16896K, used 16888K [0x00000000eab00000, 0x00000000ebf00000, 0x0000000100000000)
  eden space 16384K, 100% used [0x00000000eab00000,0x00000000ebb00000,0x00000000ebb00000)
  from space 512K, 98% used [0x00000000ebe00000,0x00000000ebe7e1f0,0x00000000ebe80000)
  to   space 512K, 0% used [0x00000000ebe80000,0x00000000ebe80000,0x00000000ebf00000)
 ParOldGen       total 68608K, used 37452K [0x00000000c0000000, 0x00000000c4300000, 0x00000000eab00000)
  object space 68608K, 54% used [0x00000000c0000000,0x00000000c2493060,0x00000000c4300000)
 Metaspace       used 60072K, committed 61376K, reserved 1114112K
  class space    used 7369K, committed 7936K, reserved 1048576K
}
Event: 51.534 GC heap after
{Heap after GC invocations=39 (full 3):
 PSYoungGen      total 16896K, used 502K [0x00000000eab00000, 0x00000000ebf00000, 0x0000000100000000)
  eden space 16384K, 0% used [0x00000000eab00000,0x00000000eab00000,0x00000000ebb00000)
  from space 512K, 98% used [0x00000000ebe80000,0x00000000ebefdb68,0x00000000ebf00000)
  to   space 1024K, 0% used [0x00000000ebd00000,0x00000000ebd00000,0x00000000ebe00000)
 ParOldGen       total 68608K, used 37580K [0x00000000c0000000, 0x00000000c4300000, 0x00000000eab00000)
  object space 68608K, 54% used [0x00000000c0000000,0x00000000c24b33c0,0x00000000c4300000)
 Metaspace       used 60072K, committed 61376K, reserved 1114112K
  class space    used 7369K, committed 7936K, reserved 1048576K
}
Event: 52.456 GC heap before
{Heap before GC invocations=40 (full 3):
 PSYoungGen      total 16896K, used 16886K [0x00000000eab00000, 0x00000000ebf00000, 0x0000000100000000)
  eden space 16384K, 100% used [0x00000000eab00000,0x00000000ebb00000,0x00000000ebb00000)
  from space 512K, 98% used [0x00000000ebe80000,0x00000000ebefdb68,0x00000000ebf00000)
  to   space 1024K, 0% used [0x00000000ebd00000,0x00000000ebd00000,0x00000000ebe00000)
 ParOldGen       total 68608K, used 37580K [0x00000000c0000000, 0x00000000c4300000, 0x00000000eab00000)
  object space 68608K, 54% used [0x00000000c0000000,0x00000000c24b33c0,0x00000000c4300000)
 Metaspace       used 60072K, committed 61376K, reserved 1114112K
  class space    used 7369K, committed 7936K, reserved 1048576K
}
Event: 52.457 GC heap after
{Heap after GC invocations=40 (full 3):
 PSYoungGen      total 17408K, used 128K [0x00000000eab00000, 0x00000000ebf00000, 0x0000000100000000)
  eden space 16384K, 0% used [0x00000000eab00000,0x00000000eab00000,0x00000000ebb00000)
  from space 1024K, 12% used [0x00000000ebd00000,0x00000000ebd20000,0x00000000ebe00000)
  to   space 512K, 0% used [0x00000000ebe80000,0x00000000ebe80000,0x00000000ebf00000)
 ParOldGen       total 68608K, used 37620K [0x00000000c0000000, 0x00000000c4300000, 0x00000000eab00000)
  object space 68608K, 54% used [0x00000000c0000000,0x00000000c24bd3c0,0x00000000c4300000)
 Metaspace       used 60072K, committed 61376K, reserved 1114112K
  class space    used 7369K, committed 7936K, reserved 1048576K
}
Event: 53.267 GC heap before
{Heap before GC invocations=41 (full 3):
 PSYoungGen      total 17408K, used 16512K [0x00000000eab00000, 0x00000000ebf00000, 0x0000000100000000)
  eden space 16384K, 100% used [0x00000000eab00000,0x00000000ebb00000,0x00000000ebb00000)
  from space 1024K, 12% used [0x00000000ebd00000,0x00000000ebd20000,0x00000000ebe00000)
  to   space 512K, 0% used [0x00000000ebe80000,0x00000000ebe80000,0x00000000ebf00000)
 ParOldGen       total 68608K, used 37620K [0x00000000c0000000, 0x00000000c4300000, 0x00000000eab00000)
  object space 68608K, 54% used [0x00000000c0000000,0x00000000c24bd3c0,0x00000000c4300000)
 Metaspace       used 60075K, committed 61376K, reserved 1114112K
  class space    used 7369K, committed 7936K, reserved 1048576K
}
Event: 53.268 GC heap after
{Heap after GC invocations=41 (full 3):
 PSYoungGen      total 16896K, used 502K [0x00000000eab00000, 0x00000000ebf00000, 0x0000000100000000)
  eden space 16384K, 0% used [0x00000000eab00000,0x00000000eab00000,0x00000000ebb00000)
  from space 512K, 98% used [0x00000000ebe80000,0x00000000ebefda90,0x00000000ebf00000)
  to   space 1536K, 0% used [0x00000000ebc00000,0x00000000ebc00000,0x00000000ebd80000)
 ParOldGen       total 68608K, used 38135K [0x00000000c0000000, 0x00000000c4300000, 0x00000000eab00000)
  object space 68608K, 55% used [0x00000000c0000000,0x00000000c253dce0,0x00000000c4300000)
 Metaspace       used 60075K, committed 61376K, reserved 1114112K
  class space    used 7369K, committed 7936K, reserved 1048576K
}
Event: 53.651 GC heap before
{Heap before GC invocations=42 (full 3):
 PSYoungGen      total 16896K, used 16886K [0x00000000eab00000, 0x00000000ebf00000, 0x0000000100000000)
  eden space 16384K, 100% used [0x00000000eab00000,0x00000000ebb00000,0x00000000ebb00000)
  from space 512K, 98% used [0x00000000ebe80000,0x00000000ebefda90,0x00000000ebf00000)
  to   space 1536K, 0% used [0x00000000ebc00000,0x00000000ebc00000,0x00000000ebd80000)
 ParOldGen       total 68608K, used 38135K [0x00000000c0000000, 0x00000000c4300000, 0x00000000eab00000)
  object space 68608K, 55% used [0x00000000c0000000,0x00000000c253dce0,0x00000000c4300000)
 Metaspace       used 60075K, committed 61376K, reserved 1114112K
  class space    used 7369K, committed 7936K, reserved 1048576K
}
Event: 53.652 GC heap after
{Heap after GC invocations=42 (full 3):
 PSYoungGen      total 17920K, used 757K [0x00000000eab00000, 0x00000000ebf00000, 0x0000000100000000)
  eden space 16384K, 0% used [0x00000000eab00000,0x00000000eab00000,0x00000000ebb00000)
  from space 1536K, 49% used [0x00000000ebc00000,0x00000000ebcbd540,0x00000000ebd80000)
  to   space 1024K, 0% used [0x00000000ebe00000,0x00000000ebe00000,0x00000000ebf00000)
 ParOldGen       total 68608K, used 38185K [0x00000000c0000000, 0x00000000c4300000, 0x00000000eab00000)
  object space 68608K, 55% used [0x00000000c0000000,0x00000000c254a548,0x00000000c4300000)
 Metaspace       used 60075K, committed 61376K, reserved 1114112K
  class space    used 7369K, committed 7936K, reserved 1048576K
}
Event: 54.041 GC heap before
{Heap before GC invocations=43 (full 3):
 PSYoungGen      total 17920K, used 17141K [0x00000000eab00000, 0x00000000ebf00000, 0x0000000100000000)
  eden space 16384K, 100% used [0x00000000eab00000,0x00000000ebb00000,0x00000000ebb00000)
  from space 1536K, 49% used [0x00000000ebc00000,0x00000000ebcbd540,0x00000000ebd80000)
  to   space 1024K, 0% used [0x00000000ebe00000,0x00000000ebe00000,0x00000000ebf00000)
 ParOldGen       total 68608K, used 38185K [0x00000000c0000000, 0x00000000c4300000, 0x00000000eab00000)
  object space 68608K, 55% used [0x00000000c0000000,0x00000000c254a548,0x00000000c4300000)
 Metaspace       used 60075K, committed 61376K, reserved 1114112K
  class space    used 7369K, committed 7936K, reserved 1048576K
}
Event: 54.042 GC heap after
{Heap after GC invocations=43 (full 3):
 PSYoungGen      total 16896K, used 301K [0x00000000eab00000, 0x00000000ebe80000, 0x0000000100000000)
  eden space 16384K, 0% used [0x00000000eab00000,0x00000000eab00000,0x00000000ebb00000)
  from space 512K, 58% used [0x00000000ebe00000,0x00000000ebe4b420,0x00000000ebe80000)
  to   space 512K, 0% used [0x00000000ebd80000,0x00000000ebd80000,0x00000000ebe00000)
 ParOldGen       total 68608K, used 38241K [0x00000000c0000000, 0x00000000c4300000, 0x00000000eab00000)
  object space 68608K, 55% used [0x00000000c0000000,0x00000000c2558558,0x00000000c4300000)
 Metaspace       used 60075K, committed 61376K, reserved 1114112K
  class space    used 7369K, committed 7936K, reserved 1048576K
}
Event: 54.441 GC heap before
{Heap before GC invocations=44 (full 3):
 PSYoungGen      total 16896K, used 16685K [0x00000000eab00000, 0x00000000ebe80000, 0x0000000100000000)
  eden space 16384K, 100% used [0x00000000eab00000,0x00000000ebb00000,0x00000000ebb00000)
  from space 512K, 58% used [0x00000000ebe00000,0x00000000ebe4b420,0x00000000ebe80000)
  to   space 512K, 0% used [0x00000000ebd80000,0x00000000ebd80000,0x00000000ebe00000)
 ParOldGen       total 68608K, used 38241K [0x00000000c0000000, 0x00000000c4300000, 0x00000000eab00000)
  object space 68608K, 55% used [0x00000000c0000000,0x00000000c2558558,0x00000000c4300000)
 Metaspace       used 60075K, committed 61376K, reserved 1114112K
  class space    used 7369K, committed 7936K, reserved 1048576K
}
Event: 54.442 GC heap after
{Heap after GC invocations=44 (full 3):
 PSYoungGen      total 16896K, used 494K [0x00000000eab00000, 0x00000000ebe80000, 0x0000000100000000)
  eden space 16384K, 0% used [0x00000000eab00000,0x00000000eab00000,0x00000000ebb00000)
  from space 512K, 96% used [0x00000000ebd80000,0x00000000ebdfbb68,0x00000000ebe00000)
  to   space 512K, 0% used [0x00000000ebe00000,0x00000000ebe00000,0x00000000ebe80000)
 ParOldGen       total 68608K, used 38667K [0x00000000c0000000, 0x00000000c4300000, 0x00000000eab00000)
  object space 68608K, 56% used [0x00000000c0000000,0x00000000c25c2d58,0x00000000c4300000)
 Metaspace       used 60075K, committed 61376K, reserved 1114112K
  class space    used 7369K, committed 7936K, reserved 1048576K
}
Event: 54.825 GC heap before
{Heap before GC invocations=45 (full 3):
 PSYoungGen      total 16896K, used 16878K [0x00000000eab00000, 0x00000000ebe80000, 0x0000000100000000)
  eden space 16384K, 100% used [0x00000000eab00000,0x00000000ebb00000,0x00000000ebb00000)
  from space 512K, 96% used [0x00000000ebd80000,0x00000000ebdfbb68,0x00000000ebe00000)
  to   space 512K, 0% used [0x00000000ebe00000,0x00000000ebe00000,0x00000000ebe80000)
 ParOldGen       total 68608K, used 38667K [0x00000000c0000000, 0x00000000c4300000, 0x00000000eab00000)
  object space 68608K, 56% used [0x00000000c0000000,0x00000000c25c2d58,0x00000000c4300000)
 Metaspace       used 60075K, committed 61376K, reserved 1114112K
  class space    used 7369K, committed 7936K, reserved 1048576K
}
Event: 54.826 GC heap after
{Heap after GC invocations=45 (full 3):
 PSYoungGen      total 16896K, used 497K [0x00000000eab00000, 0x00000000ebe80000, 0x0000000100000000)
  eden space 16384K, 0% used [0x00000000eab00000,0x00000000eab00000,0x00000000ebb00000)
  from space 512K, 97% used [0x00000000ebe00000,0x00000000ebe7c5d0,0x00000000ebe80000)
  to   space 1024K, 0% used [0x00000000ebc80000,0x00000000ebc80000,0x00000000ebd80000)
 ParOldGen       total 68608K, used 39085K [0x00000000c0000000, 0x00000000c4300000, 0x00000000eab00000)
  object space 68608K, 56% used [0x00000000c0000000,0x00000000c262b400,0x00000000c4300000)
 Metaspace       used 60075K, committed 61376K, reserved 1114112K
  class space    used 7369K, committed 7936K, reserved 1048576K
}
Event: 55.784 GC heap before
{Heap before GC invocations=46 (full 3):
 PSYoungGen      total 16896K, used 16881K [0x00000000eab00000, 0x00000000ebe80000, 0x0000000100000000)
  eden space 16384K, 100% used [0x00000000eab00000,0x00000000ebb00000,0x00000000ebb00000)
  from space 512K, 97% used [0x00000000ebe00000,0x00000000ebe7c5d0,0x00000000ebe80000)
  to   space 1024K, 0% used [0x00000000ebc80000,0x00000000ebc80000,0x00000000ebd80000)
 ParOldGen       total 68608K, used 39085K [0x00000000c0000000, 0x00000000c4300000, 0x00000000eab00000)
  object space 68608K, 56% used [0x00000000c0000000,0x00000000c262b400,0x00000000c4300000)
 Metaspace       used 60704K, committed 62016K, reserved 1114112K
  class space    used 7469K, committed 8064K, reserved 1048576K
}
Event: 55.785 GC heap after
{Heap after GC invocations=46 (full 3):
 PSYoungGen      total 17408K, used 256K [0x00000000eab00000, 0x00000000ebe80000, 0x0000000100000000)
  eden space 16384K, 0% used [0x00000000eab00000,0x00000000eab00000,0x00000000ebb00000)
  from space 1024K, 25% used [0x00000000ebc80000,0x00000000ebcc0000,0x00000000ebd80000)
  to   space 512K, 0% used [0x00000000ebe00000,0x00000000ebe00000,0x00000000ebe80000)
 ParOldGen       total 68608K, used 39109K [0x00000000c0000000, 0x00000000c4300000, 0x00000000eab00000)
  object space 68608K, 57% used [0x00000000c0000000,0x00000000c2631400,0x00000000c4300000)
 Metaspace       used 60704K, committed 62016K, reserved 1114112K
  class space    used 7469K, committed 8064K, reserved 1048576K
}
Event: 61.861 GC heap before
{Heap before GC invocations=47 (full 3):
 PSYoungGen      total 17408K, used 16640K [0x00000000eab00000, 0x00000000ebe80000, 0x0000000100000000)
  eden space 16384K, 100% used [0x00000000eab00000,0x00000000ebb00000,0x00000000ebb00000)
  from space 1024K, 25% used [0x00000000ebc80000,0x00000000ebcc0000,0x00000000ebd80000)
  to   space 512K, 0% used [0x00000000ebe00000,0x00000000ebe00000,0x00000000ebe80000)
 ParOldGen       total 68608K, used 39109K [0x00000000c0000000, 0x00000000c4300000, 0x00000000eab00000)
  object space 68608K, 57% used [0x00000000c0000000,0x00000000c2631400,0x00000000c4300000)
 Metaspace       used 61231K, committed 62528K, reserved 1114112K
  class space    used 7545K, committed 8128K, reserved 1048576K
}
Event: 61.862 GC heap after
{Heap after GC invocations=47 (full 3):
 PSYoungGen      total 16896K, used 256K [0x00000000eab00000, 0x00000000ebe80000, 0x0000000100000000)
  eden space 16384K, 0% used [0x00000000eab00000,0x00000000eab00000,0x00000000ebb00000)
  from space 512K, 50% used [0x00000000ebe00000,0x00000000ebe40000,0x00000000ebe80000)
  to   space 512K, 0% used [0x00000000ebd80000,0x00000000ebd80000,0x00000000ebe00000)
 ParOldGen       total 68608K, used 39261K [0x00000000c0000000, 0x00000000c4300000, 0x00000000eab00000)
  object space 68608K, 57% used [0x00000000c0000000,0x00000000c2657400,0x00000000c4300000)
 Metaspace       used 61231K, committed 62528K, reserved 1114112K
  class space    used 7545K, committed 8128K, reserved 1048576K
}
Event: 62.612 GC heap before
{Heap before GC invocations=48 (full 3):
 PSYoungGen      total 16896K, used 16640K [0x00000000eab00000, 0x00000000ebe80000, 0x0000000100000000)
  eden space 16384K, 100% used [0x00000000eab00000,0x00000000ebb00000,0x00000000ebb00000)
  from space 512K, 50% used [0x00000000ebe00000,0x00000000ebe40000,0x00000000ebe80000)
  to   space 512K, 0% used [0x00000000ebd80000,0x00000000ebd80000,0x00000000ebe00000)
 ParOldGen       total 68608K, used 39261K [0x00000000c0000000, 0x00000000c4300000, 0x00000000eab00000)
  object space 68608K, 57% used [0x00000000c0000000,0x00000000c2657400,0x00000000c4300000)
 Metaspace       used 61632K, committed 63040K, reserved 1114112K
  class space    used 7580K, committed 8192K, reserved 1048576K
}
Event: 62.613 GC heap after
{Heap after GC invocations=48 (full 3):
 PSYoungGen      total 16896K, used 376K [0x00000000eab00000, 0x00000000ebe80000, 0x0000000100000000)
  eden space 16384K, 0% used [0x00000000eab00000,0x00000000eab00000,0x00000000ebb00000)
  from space 512K, 73% used [0x00000000ebd80000,0x00000000ebdde1a8,0x00000000ebe00000)
  to   space 512K, 0% used [0x00000000ebe00000,0x00000000ebe00000,0x00000000ebe80000)
 ParOldGen       total 68608K, used 39454K [0x00000000c0000000, 0x00000000c4300000, 0x00000000eab00000)
  object space 68608K, 57% used [0x00000000c0000000,0x00000000c2687a88,0x00000000c4300000)
 Metaspace       used 61632K, committed 63040K, reserved 1114112K
  class space    used 7580K, committed 8192K, reserved 1048576K
}

