# JRE version: OpenJDK Runtime Environment Temurin-21.0.7+6 (21.0.7+6) (build 21.0.7+6-LTS)
# Java VM: OpenJDK 64-Bit Server VM Temurin-21.0.7+6 (21.0.7+6-LTS, mixed mode, sharing, tiered, compressed oops, compressed class ptrs, parallel gc, windows-amd64)
GC Precious Log:
 CardTable entry size: 512
 CPUs: 4 total, 4 available
 Memory: 8029M
 Large Page Support: Disabled
 NUMA Support: Disabled
 Compressed Oops: Enabled (32-bit)
 Alignments: Space 512K, Generation 512K, Heap 2M
 Heap Min Capacity: 100M
 Heap Initial Capacity: 100M
 Heap Max Capacity: 2G
 Pre-touch: Disabled
 Parallel Workers: 4
Heap:
 PSYoungGen      total 23552K, used 7239K [0x00000000d5580000, 0x00000000d7380000, 0x0000000100000000)
  eden space 22016K, 27% used [0x00000000d5580000,0x00000000d5b5b6b8,0x00000000d6b00000)
  from space 1536K, 80% used [0x00000000d7080000,0x00000000d71b66b0,0x00000000d7200000)
  to   space 1536K, 0% used [0x00000000d7200000,0x00000000d7200000,0x00000000d7380000)
 ParOldGen       total 68608K, used 38191K [0x0000000080000000, 0x0000000084300000, 0x00000000d5580000)
  object space 68608K, 55% used [0x0000000080000000,0x000000008254bf40,0x0000000084300000)
 Metaspace       used 60141K, committed 61376K, reserved 1114112K
  class space    used 7390K, committed 7936K, reserved 1048576K
GC Heap History (20 events):
Event: 36.212 GC heap before
{Heap before GC invocations=25 (full 2):
 PSYoungGen      total 23040K, used 22608K [0x00000000d5580000, 0x00000000d7500000, 0x0000000100000000)
  eden space 22016K, 100% used [0x00000000d5580000,0x00000000d6b00000,0x00000000d6b00000)
  from space 1024K, 57% used [0x00000000d7400000,0x00000000d7494010,0x00000000d7500000)
  to   space 2560K, 0% used [0x00000000d7000000,0x00000000d7000000,0x00000000d7280000)
 ParOldGen       total 68608K, used 35666K [0x0000000080000000, 0x0000000084300000, 0x00000000d5580000)
  object space 68608K, 51% used [0x0000000080000000,0x00000000822d4810,0x0000000084300000)
 Metaspace       used 52751K, committed 53952K, reserved 1114112K
  class space    used 6094K, committed 6592K, reserved 1048576K
}
Event: 36.213 GC heap after
{Heap after GC invocations=25 (full 2):
 PSYoungGen      total 24576K, used 480K [0x00000000d5580000, 0x00000000d7480000, 0x0000000100000000)
  eden space 22016K, 0% used [0x00000000d5580000,0x00000000d5580000,0x00000000d6b00000)
  from space 2560K, 18% used [0x00000000d7000000,0x00000000d7078000,0x00000000d7280000)
  to   space 1024K, 0% used [0x00000000d7380000,0x00000000d7380000,0x00000000d7480000)
 ParOldGen       total 68608K, used 36202K [0x0000000080000000, 0x0000000084300000, 0x00000000d5580000)
  object space 68608K, 52% used [0x0000000080000000,0x000000008235a840,0x0000000084300000)
 Metaspace       used 52751K, committed 53952K, reserved 1114112K
  class space    used 6094K, committed 6592K, reserved 1048576K
}
Event: 38.155 GC heap before
{Heap before GC invocations=26 (full 2):
 PSYoungGen      total 24576K, used 22496K [0x00000000d5580000, 0x00000000d7480000, 0x0000000100000000)
  eden space 22016K, 100% used [0x00000000d5580000,0x00000000d6b00000,0x00000000d6b00000)
  from space 2560K, 18% used [0x00000000d7000000,0x00000000d7078000,0x00000000d7280000)
  to   space 1024K, 0% used [0x00000000d7380000,0x00000000d7380000,0x00000000d7480000)
 ParOldGen       total 68608K, used 36202K [0x0000000080000000, 0x0000000084300000, 0x00000000d5580000)
  object space 68608K, 52% used [0x0000000080000000,0x000000008235a840,0x0000000084300000)
 Metaspace       used 54870K, committed 56064K, reserved 1114112K
  class space    used 6347K, committed 6912K, reserved 1048576K
}
Event: 38.157 GC heap after
{Heap after GC invocations=26 (full 2):
 PSYoungGen      total 23040K, used 800K [0x00000000d5580000, 0x00000000d7480000, 0x0000000100000000)
  eden space 22016K, 0% used [0x00000000d5580000,0x00000000d5580000,0x00000000d6b00000)
  from space 1024K, 78% used [0x00000000d7380000,0x00000000d74482a8,0x00000000d7480000)
  to   space 1024K, 0% used [0x00000000d7280000,0x00000000d7280000,0x00000000d7380000)
 ParOldGen       total 68608K, used 36601K [0x0000000080000000, 0x0000000084300000, 0x00000000d5580000)
  object space 68608K, 53% used [0x0000000080000000,0x00000000823be550,0x0000000084300000)
 Metaspace       used 54870K, committed 56064K, reserved 1114112K
  class space    used 6347K, committed 6912K, reserved 1048576K
}
Event: 39.210 GC heap before
{Heap before GC invocations=27 (full 2):
 PSYoungGen      total 23040K, used 22816K [0x00000000d5580000, 0x00000000d7480000, 0x0000000100000000)
  eden space 22016K, 100% used [0x00000000d5580000,0x00000000d6b00000,0x00000000d6b00000)
  from space 1024K, 78% used [0x00000000d7380000,0x00000000d74482a8,0x00000000d7480000)
  to   space 1024K, 0% used [0x00000000d7280000,0x00000000d7280000,0x00000000d7380000)
 ParOldGen       total 68608K, used 36601K [0x0000000080000000, 0x0000000084300000, 0x00000000d5580000)
  object space 68608K, 53% used [0x0000000080000000,0x00000000823be550,0x0000000084300000)
 Metaspace       used 56402K, committed 57664K, reserved 1114112K
  class space    used 6608K, committed 7168K, reserved 1048576K
}
Event: 39.212 GC heap after
{Heap after GC invocations=27 (full 2):
 PSYoungGen      total 23040K, used 916K [0x00000000d5580000, 0x00000000d7400000, 0x0000000100000000)
  eden space 22016K, 0% used [0x00000000d5580000,0x00000000d5580000,0x00000000d6b00000)
  from space 1024K, 89% used [0x00000000d7280000,0x00000000d7365070,0x00000000d7380000)
  to   space 512K, 0% used [0x00000000d7380000,0x00000000d7380000,0x00000000d7400000)
 ParOldGen       total 68608K, used 37263K [0x0000000080000000, 0x0000000084300000, 0x00000000d5580000)
  object space 68608K, 54% used [0x0000000080000000,0x0000000082463e30,0x0000000084300000)
 Metaspace       used 56402K, committed 57664K, reserved 1114112K
  class space    used 6608K, committed 7168K, reserved 1048576K
}
Event: 40.107 GC heap before
{Heap before GC invocations=28 (full 2):
 PSYoungGen      total 23040K, used 22932K [0x00000000d5580000, 0x00000000d7400000, 0x0000000100000000)
  eden space 22016K, 100% used [0x00000000d5580000,0x00000000d6b00000,0x00000000d6b00000)
  from space 1024K, 89% used [0x00000000d7280000,0x00000000d7365070,0x00000000d7380000)
  to   space 512K, 0% used [0x00000000d7380000,0x00000000d7380000,0x00000000d7400000)
 ParOldGen       total 68608K, used 37263K [0x0000000080000000, 0x0000000084300000, 0x00000000d5580000)
  object space 68608K, 54% used [0x0000000080000000,0x0000000082463e30,0x0000000084300000)
 Metaspace       used 57864K, committed 59136K, reserved 1114112K
  class space    used 6934K, committed 7488K, reserved 1048576K
}
Event: 40.108 GC heap after
{Heap after GC invocations=28 (full 2):
 PSYoungGen      total 22528K, used 288K [0x00000000d5580000, 0x00000000d7400000, 0x0000000100000000)
  eden space 22016K, 0% used [0x00000000d5580000,0x00000000d5580000,0x00000000d6b00000)
  from space 512K, 56% used [0x00000000d7380000,0x00000000d73c8000,0x00000000d7400000)
  to   space 1024K, 0% used [0x00000000d7200000,0x00000000d7200000,0x00000000d7300000)
 ParOldGen       total 68608K, used 37391K [0x0000000080000000, 0x0000000084300000, 0x00000000d5580000)
  object space 68608K, 54% used [0x0000000080000000,0x0000000082483e30,0x0000000084300000)
 Metaspace       used 57864K, committed 59136K, reserved 1114112K
  class space    used 6934K, committed 7488K, reserved 1048576K
}
Event: 40.753 GC heap before
{Heap before GC invocations=29 (full 2):
 PSYoungGen      total 22528K, used 16310K [0x00000000d5580000, 0x00000000d7400000, 0x0000000100000000)
  eden space 22016K, 72% used [0x00000000d5580000,0x00000000d65258b0,0x00000000d6b00000)
  from space 512K, 56% used [0x00000000d7380000,0x00000000d73c8000,0x00000000d7400000)
  to   space 1024K, 0% used [0x00000000d7200000,0x00000000d7200000,0x00000000d7300000)
 ParOldGen       total 68608K, used 37391K [0x0000000080000000, 0x0000000084300000, 0x00000000d5580000)
  object space 68608K, 54% used [0x0000000080000000,0x0000000082483e30,0x0000000084300000)
 Metaspace       used 58571K, committed 59776K, reserved 1114112K
  class space    used 7097K, committed 7616K, reserved 1048576K
}
Event: 40.754 GC heap after
{Heap after GC invocations=29 (full 2):
 PSYoungGen      total 23040K, used 533K [0x00000000d5580000, 0x00000000d7400000, 0x0000000100000000)
  eden space 22016K, 0% used [0x00000000d5580000,0x00000000d5580000,0x00000000d6b00000)
  from space 1024K, 52% used [0x00000000d7200000,0x00000000d7285458,0x00000000d7300000)
  to   space 1024K, 0% used [0x00000000d7300000,0x00000000d7300000,0x00000000d7400000)
 ParOldGen       total 68608K, used 37542K [0x0000000080000000, 0x0000000084300000, 0x00000000d5580000)
  object space 68608K, 54% used [0x0000000080000000,0x00000000824a9b40,0x0000000084300000)
 Metaspace       used 58571K, committed 59776K, reserved 1114112K
  class space    used 7097K, committed 7616K, reserved 1048576K
}
Event: 40.754 GC heap before
{Heap before GC invocations=30 (full 3):
 PSYoungGen      total 23040K, used 533K [0x00000000d5580000, 0x00000000d7400000, 0x0000000100000000)
  eden space 22016K, 0% used [0x00000000d5580000,0x00000000d5580000,0x00000000d6b00000)
  from space 1024K, 52% used [0x00000000d7200000,0x00000000d7285458,0x00000000d7300000)
  to   space 1024K, 0% used [0x00000000d7300000,0x00000000d7300000,0x00000000d7400000)
 ParOldGen       total 68608K, used 37542K [0x0000000080000000, 0x0000000084300000, 0x00000000d5580000)
  object space 68608K, 54% used [0x0000000080000000,0x00000000824a9b40,0x0000000084300000)
 Metaspace       used 58571K, committed 59776K, reserved 1114112K
  class space    used 7097K, committed 7616K, reserved 1048576K
}
Event: 40.844 GC heap after
{Heap after GC invocations=30 (full 3):
 PSYoungGen      total 23040K, used 0K [0x00000000d5580000, 0x00000000d7400000, 0x0000000100000000)
  eden space 22016K, 0% used [0x00000000d5580000,0x00000000d5580000,0x00000000d6b00000)
  from space 1024K, 0% used [0x00000000d7200000,0x00000000d7200000,0x00000000d7300000)
  to   space 1024K, 0% used [0x00000000d7300000,0x00000000d7300000,0x00000000d7400000)
 ParOldGen       total 68608K, used 36491K [0x0000000080000000, 0x0000000084300000, 0x00000000d5580000)
  object space 68608K, 53% used [0x0000000080000000,0x00000000823a2e28,0x0000000084300000)
 Metaspace       used 58571K, committed 59776K, reserved 1114112K
  class space    used 7097K, committed 7616K, reserved 1048576K
}
Event: 41.973 GC heap before
{Heap before GC invocations=31 (full 3):
 PSYoungGen      total 23040K, used 22016K [0x00000000d5580000, 0x00000000d7400000, 0x0000000100000000)
  eden space 22016K, 100% used [0x00000000d5580000,0x00000000d6b00000,0x00000000d6b00000)
  from space 1024K, 0% used [0x00000000d7200000,0x00000000d7200000,0x00000000d7300000)
  to   space 1024K, 0% used [0x00000000d7300000,0x00000000d7300000,0x00000000d7400000)
 ParOldGen       total 68608K, used 36491K [0x0000000080000000, 0x0000000084300000, 0x00000000d5580000)
  object space 68608K, 53% used [0x0000000080000000,0x00000000823a2e28,0x0000000084300000)
 Metaspace       used 59873K, committed 61056K, reserved 1114112K
  class space    used 7346K, committed 7872K, reserved 1048576K
}
Event: 41.974 GC heap after
{Heap after GC invocations=31 (full 3):
 PSYoungGen      total 22528K, used 416K [0x00000000d5580000, 0x00000000d7380000, 0x0000000100000000)
  eden space 22016K, 0% used [0x00000000d5580000,0x00000000d5580000,0x00000000d6b00000)
  from space 512K, 81% used [0x00000000d7300000,0x00000000d7368000,0x00000000d7380000)
  to   space 512K, 0% used [0x00000000d7280000,0x00000000d7280000,0x00000000d7300000)
 ParOldGen       total 68608K, used 36491K [0x0000000080000000, 0x0000000084300000, 0x00000000d5580000)
  object space 68608K, 53% used [0x0000000080000000,0x00000000823a2e28,0x0000000084300000)
 Metaspace       used 59873K, committed 61056K, reserved 1114112K
  class space    used 7346K, committed 7872K, reserved 1048576K
}
Event: 42.555 GC heap before
{Heap before GC invocations=32 (full 3):
 PSYoungGen      total 22528K, used 22432K [0x00000000d5580000, 0x00000000d7380000, 0x0000000100000000)
  eden space 22016K, 100% used [0x00000000d5580000,0x00000000d6b00000,0x00000000d6b00000)
  from space 512K, 81% used [0x00000000d7300000,0x00000000d7368000,0x00000000d7380000)
  to   space 512K, 0% used [0x00000000d7280000,0x00000000d7280000,0x00000000d7300000)
 ParOldGen       total 68608K, used 36491K [0x0000000080000000, 0x0000000084300000, 0x00000000d5580000)
  object space 68608K, 53% used [0x0000000080000000,0x00000000823a2e28,0x0000000084300000)
 Metaspace       used 60141K, committed 61376K, reserved 1114112K
  class space    used 7390K, committed 7936K, reserved 1048576K
}
Event: 42.556 GC heap after
{Heap after GC invocations=32 (full 3):
 PSYoungGen      total 22528K, used 502K [0x00000000d5580000, 0x00000000d7380000, 0x0000000100000000)
  eden space 22016K, 0% used [0x00000000d5580000,0x00000000d5580000,0x00000000d6b00000)
  from space 512K, 98% used [0x00000000d7280000,0x00000000d72fda40,0x00000000d7300000)
  to   space 512K, 0% used [0x00000000d7300000,0x00000000d7300000,0x00000000d7380000)
 ParOldGen       total 68608K, used 37385K [0x0000000080000000, 0x0000000084300000, 0x00000000d5580000)
  object space 68608K, 54% used [0x0000000080000000,0x0000000082482428,0x0000000084300000)
 Metaspace       used 60141K, committed 61376K, reserved 1114112K
  class space    used 7390K, committed 7936K, reserved 1048576K
}
Event: 42.944 GC heap before
{Heap before GC invocations=33 (full 3):
 PSYoungGen      total 22528K, used 22518K [0x00000000d5580000, 0x00000000d7380000, 0x0000000100000000)
  eden space 22016K, 100% used [0x00000000d5580000,0x00000000d6b00000,0x00000000d6b00000)
  from space 512K, 98% used [0x00000000d7280000,0x00000000d72fda40,0x00000000d7300000)
  to   space 512K, 0% used [0x00000000d7300000,0x00000000d7300000,0x00000000d7380000)
 ParOldGen       total 68608K, used 37385K [0x0000000080000000, 0x0000000084300000, 0x00000000d5580000)
  object space 68608K, 54% used [0x0000000080000000,0x0000000082482428,0x0000000084300000)
 Metaspace       used 60141K, committed 61376K, reserved 1114112K
  class space    used 7390K, committed 7936K, reserved 1048576K
}
Event: 42.945 GC heap after
{Heap after GC invocations=33 (full 3):
 PSYoungGen      total 22528K, used 509K [0x00000000d5580000, 0x00000000d7380000, 0x0000000100000000)
  eden space 22016K, 0% used [0x00000000d5580000,0x00000000d5580000,0x00000000d6b00000)
  from space 512K, 99% used [0x00000000d7300000,0x00000000d737f770,0x00000000d7380000)
  to   space 1536K, 0% used [0x00000000d7080000,0x00000000d7080000,0x00000000d7200000)
 ParOldGen       total 68608K, used 38127K [0x0000000080000000, 0x0000000084300000, 0x00000000d5580000)
  object space 68608K, 55% used [0x0000000080000000,0x000000008253bf40,0x0000000084300000)
 Metaspace       used 60141K, committed 61376K, reserved 1114112K
  class space    used 7390K, committed 7936K, reserved 1048576K
}
Event: 43.210 GC heap before
{Heap before GC invocations=34 (full 3):
 PSYoungGen      total 22528K, used 22525K [0x00000000d5580000, 0x00000000d7380000, 0x0000000100000000)
  eden space 22016K, 100% used [0x00000000d5580000,0x00000000d6b00000,0x00000000d6b00000)
  from space 512K, 99% used [0x00000000d7300000,0x00000000d737f770,0x00000000d7380000)
  to   space 1536K, 0% used [0x00000000d7080000,0x00000000d7080000,0x00000000d7200000)
 ParOldGen       total 68608K, used 38127K [0x0000000080000000, 0x0000000084300000, 0x00000000d5580000)
  object space 68608K, 55% used [0x0000000080000000,0x000000008253bf40,0x0000000084300000)
 Metaspace       used 60141K, committed 61376K, reserved 1114112K
  class space    used 7390K, committed 7936K, reserved 1048576K
}
Event: 43.211 GC heap after
{Heap after GC invocations=34 (full 3):
 PSYoungGen      total 23552K, used 1241K [0x00000000d5580000, 0x00000000d7380000, 0x0000000100000000)
  eden space 22016K, 0% used [0x00000000d5580000,0x00000000d5580000,0x00000000d6b00000)
  from space 1536K, 80% used [0x00000000d7080000,0x00000000d71b66b0,0x00000000d7200000)
  to   space 1536K, 0% used [0x00000000d7200000,0x00000000d7200000,0x00000000d7380000)
 ParOldGen       total 68608K, used 38191K [0x0000000080000000, 0x0000000084300000, 0x00000000d5580000)
  object space 68608K, 55% used [0x0000000080000000,0x000000008254bf40,0x0000000084300000)
 Metaspace       used 60141K, committed 61376K, reserved 1114112K
  class space    used 7390K, committed 7936K, reserved 1048576K
}

