# JRE version: OpenJDK Runtime Environment Temurin-21.0.7+6 (21.0.7+6) (build 21.0.7+6-LTS)
# Java VM: OpenJDK 64-Bit Server VM Temurin-21.0.7+6 (21.0.7+6-LTS, mixed mode, sharing, tiered, compressed oops, compressed class ptrs, parallel gc, windows-amd64)
GC Precious Log:
 CardTable entry size: 512
 CPUs: 4 total, 4 available
 Memory: 8029M
 Large Page Support: Disabled
 NUMA Support: Disabled
 Compressed Oops: Enabled (32-bit)
 Alignments: Space 512K, Generation 512K, Heap 2M
 Heap Min Capacity: 100M
 Heap Initial Capacity: 100M
 Heap Max Capacity: 1G
 Pre-touch: Disabled
 Parallel Workers: 4
Heap:
 PSYoungGen      total 22528K, used 13083K [0x00000000eab00000, 0x00000000ec800000, 0x0000000100000000)
  eden space 22016K, 58% used [0x00000000eab00000,0x00000000eb77ecd8,0x00000000ec080000)
  from space 512K, 56% used [0x00000000ec780000,0x00000000ec7c8000,0x00000000ec800000)
  to   space 512K, 0% used [0x00000000ec700000,0x00000000ec700000,0x00000000ec780000)
 ParOldGen       total 68608K, used 37834K [0x00000000c0000000, 0x00000000c4300000, 0x00000000eab00000)
  object space 68608K, 55% used [0x00000000c0000000,0x00000000c24f2850,0x00000000c4300000)
 Metaspace       used 61887K, committed 63168K, reserved 1114112K
  class space    used 7619K, committed 8192K, reserved 1048576K
GC Heap History (20 events):
Event: 42.701 GC heap before
{Heap before GC invocations=30 (full 3):
 PSYoungGen      total 22528K, used 402K [0x00000000eab00000, 0x00000000ec980000, 0x0000000100000000)
  eden space 22016K, 0% used [0x00000000eab00000,0x00000000eab00000,0x00000000ec080000)
  from space 512K, 78% used [0x00000000ec880000,0x00000000ec8e4860,0x00000000ec900000)
  to   space 512K, 0% used [0x00000000ec900000,0x00000000ec900000,0x00000000ec980000)
 ParOldGen       total 68608K, used 38006K [0x00000000c0000000, 0x00000000c4300000, 0x00000000eab00000)
  object space 68608K, 55% used [0x00000000c0000000,0x00000000c251d9c8,0x00000000c4300000)
 Metaspace       used 58501K, committed 59776K, reserved 1114112K
  class space    used 7101K, committed 7680K, reserved 1048576K
}
Event: 42.783 GC heap after
{Heap after GC invocations=30 (full 3):
 PSYoungGen      total 22528K, used 0K [0x00000000eab00000, 0x00000000ec980000, 0x0000000100000000)
  eden space 22016K, 0% used [0x00000000eab00000,0x00000000eab00000,0x00000000ec080000)
  from space 512K, 0% used [0x00000000ec880000,0x00000000ec880000,0x00000000ec900000)
  to   space 512K, 0% used [0x00000000ec900000,0x00000000ec900000,0x00000000ec980000)
 ParOldGen       total 68608K, used 36393K [0x00000000c0000000, 0x00000000c4300000, 0x00000000eab00000)
  object space 68608K, 53% used [0x00000000c0000000,0x00000000c238a400,0x00000000c4300000)
 Metaspace       used 58501K, committed 59776K, reserved 1114112K
  class space    used 7101K, committed 7680K, reserved 1048576K
}
Event: 43.198 GC heap before
{Heap before GC invocations=31 (full 3):
 PSYoungGen      total 22528K, used 22016K [0x00000000eab00000, 0x00000000ec980000, 0x0000000100000000)
  eden space 22016K, 100% used [0x00000000eab00000,0x00000000ec080000,0x00000000ec080000)
  from space 512K, 0% used [0x00000000ec880000,0x00000000ec880000,0x00000000ec900000)
  to   space 512K, 0% used [0x00000000ec900000,0x00000000ec900000,0x00000000ec980000)
 ParOldGen       total 68608K, used 36393K [0x00000000c0000000, 0x00000000c4300000, 0x00000000eab00000)
  object space 68608K, 53% used [0x00000000c0000000,0x00000000c238a400,0x00000000c4300000)
 Metaspace       used 59778K, committed 61056K, reserved 1114112K
  class space    used 7347K, committed 7936K, reserved 1048576K
}
Event: 43.199 GC heap after
{Heap after GC invocations=31 (full 3):
 PSYoungGen      total 22528K, used 385K [0x00000000eab00000, 0x00000000ec980000, 0x0000000100000000)
  eden space 22016K, 0% used [0x00000000eab00000,0x00000000eab00000,0x00000000ec080000)
  from space 512K, 75% used [0x00000000ec900000,0x00000000ec960650,0x00000000ec980000)
  to   space 512K, 0% used [0x00000000ec880000,0x00000000ec880000,0x00000000ec900000)
 ParOldGen       total 68608K, used 36393K [0x00000000c0000000, 0x00000000c4300000, 0x00000000eab00000)
  object space 68608K, 53% used [0x00000000c0000000,0x00000000c238a400,0x00000000c4300000)
 Metaspace       used 59778K, committed 61056K, reserved 1114112K
  class space    used 7347K, committed 7936K, reserved 1048576K
}
Event: 43.685 GC heap before
{Heap before GC invocations=32 (full 3):
 PSYoungGen      total 22528K, used 22401K [0x00000000eab00000, 0x00000000ec980000, 0x0000000100000000)
  eden space 22016K, 100% used [0x00000000eab00000,0x00000000ec080000,0x00000000ec080000)
  from space 512K, 75% used [0x00000000ec900000,0x00000000ec960650,0x00000000ec980000)
  to   space 512K, 0% used [0x00000000ec880000,0x00000000ec880000,0x00000000ec900000)
 ParOldGen       total 68608K, used 36393K [0x00000000c0000000, 0x00000000c4300000, 0x00000000eab00000)
  object space 68608K, 53% used [0x00000000c0000000,0x00000000c238a400,0x00000000c4300000)
 Metaspace       used 59979K, committed 61248K, reserved 1114112K
  class space    used 7374K, committed 7936K, reserved 1048576K
}
Event: 43.686 GC heap after
{Heap after GC invocations=32 (full 3):
 PSYoungGen      total 22528K, used 504K [0x00000000eab00000, 0x00000000ec980000, 0x0000000100000000)
  eden space 22016K, 0% used [0x00000000eab00000,0x00000000eab00000,0x00000000ec080000)
  from space 512K, 98% used [0x00000000ec880000,0x00000000ec8fe228,0x00000000ec900000)
  to   space 512K, 0% used [0x00000000ec900000,0x00000000ec900000,0x00000000ec980000)
 ParOldGen       total 68608K, used 37213K [0x00000000c0000000, 0x00000000c4300000, 0x00000000eab00000)
  object space 68608K, 54% used [0x00000000c0000000,0x00000000c2457718,0x00000000c4300000)
 Metaspace       used 59979K, committed 61248K, reserved 1114112K
  class space    used 7374K, committed 7936K, reserved 1048576K
}
Event: 44.244 GC heap before
{Heap before GC invocations=33 (full 3):
 PSYoungGen      total 22528K, used 22520K [0x00000000eab00000, 0x00000000ec980000, 0x0000000100000000)
  eden space 22016K, 100% used [0x00000000eab00000,0x00000000ec080000,0x00000000ec080000)
  from space 512K, 98% used [0x00000000ec880000,0x00000000ec8fe228,0x00000000ec900000)
  to   space 512K, 0% used [0x00000000ec900000,0x00000000ec900000,0x00000000ec980000)
 ParOldGen       total 68608K, used 37213K [0x00000000c0000000, 0x00000000c4300000, 0x00000000eab00000)
  object space 68608K, 54% used [0x00000000c0000000,0x00000000c2457718,0x00000000c4300000)
 Metaspace       used 59979K, committed 61248K, reserved 1114112K
  class space    used 7374K, committed 7936K, reserved 1048576K
}
Event: 44.246 GC heap after
{Heap after GC invocations=33 (full 3):
 PSYoungGen      total 22528K, used 508K [0x00000000eab00000, 0x00000000ec980000, 0x0000000100000000)
  eden space 22016K, 0% used [0x00000000eab00000,0x00000000eab00000,0x00000000ec080000)
  from space 512K, 99% used [0x00000000ec900000,0x00000000ec97f080,0x00000000ec980000)
  to   space 1536K, 0% used [0x00000000ec680000,0x00000000ec680000,0x00000000ec800000)
 ParOldGen       total 68608K, used 37706K [0x00000000c0000000, 0x00000000c4300000, 0x00000000eab00000)
  object space 68608K, 54% used [0x00000000c0000000,0x00000000c24d2850,0x00000000c4300000)
 Metaspace       used 59979K, committed 61248K, reserved 1114112K
  class space    used 7374K, committed 7936K, reserved 1048576K
}
Event: 45.116 GC heap before
{Heap before GC invocations=34 (full 3):
 PSYoungGen      total 22528K, used 22524K [0x00000000eab00000, 0x00000000ec980000, 0x0000000100000000)
  eden space 22016K, 100% used [0x00000000eab00000,0x00000000ec080000,0x00000000ec080000)
  from space 512K, 99% used [0x00000000ec900000,0x00000000ec97f080,0x00000000ec980000)
  to   space 1536K, 0% used [0x00000000ec680000,0x00000000ec680000,0x00000000ec800000)
 ParOldGen       total 68608K, used 37706K [0x00000000c0000000, 0x00000000c4300000, 0x00000000eab00000)
  object space 68608K, 54% used [0x00000000c0000000,0x00000000c24d2850,0x00000000c4300000)
 Metaspace       used 59979K, committed 61248K, reserved 1114112K
  class space    used 7374K, committed 7936K, reserved 1048576K
}
Event: 45.117 GC heap after
{Heap after GC invocations=34 (full 3):
 PSYoungGen      total 23552K, used 1120K [0x00000000eab00000, 0x00000000ec980000, 0x0000000100000000)
  eden space 22016K, 0% used [0x00000000eab00000,0x00000000eab00000,0x00000000ec080000)
  from space 1536K, 72% used [0x00000000ec680000,0x00000000ec798180,0x00000000ec800000)
  to   space 1536K, 0% used [0x00000000ec800000,0x00000000ec800000,0x00000000ec980000)
 ParOldGen       total 68608K, used 37738K [0x00000000c0000000, 0x00000000c4300000, 0x00000000eab00000)
  object space 68608K, 55% used [0x00000000c0000000,0x00000000c24da850,0x00000000c4300000)
 Metaspace       used 59979K, committed 61248K, reserved 1114112K
  class space    used 7374K, committed 7936K, reserved 1048576K
}
Event: 45.598 GC heap before
{Heap before GC invocations=35 (full 3):
 PSYoungGen      total 23552K, used 23136K [0x00000000eab00000, 0x00000000ec980000, 0x0000000100000000)
  eden space 22016K, 100% used [0x00000000eab00000,0x00000000ec080000,0x00000000ec080000)
  from space 1536K, 72% used [0x00000000ec680000,0x00000000ec798180,0x00000000ec800000)
  to   space 1536K, 0% used [0x00000000ec800000,0x00000000ec800000,0x00000000ec980000)
 ParOldGen       total 68608K, used 37738K [0x00000000c0000000, 0x00000000c4300000, 0x00000000eab00000)
  object space 68608K, 55% used [0x00000000c0000000,0x00000000c24da850,0x00000000c4300000)
 Metaspace       used 59979K, committed 61248K, reserved 1114112K
  class space    used 7374K, committed 7936K, reserved 1048576K
}
Event: 45.599 GC heap after
{Heap after GC invocations=35 (full 3):
 PSYoungGen      total 23552K, used 1152K [0x00000000eab00000, 0x00000000ec980000, 0x0000000100000000)
  eden space 22016K, 0% used [0x00000000eab00000,0x00000000eab00000,0x00000000ec080000)
  from space 1536K, 75% used [0x00000000ec800000,0x00000000ec920340,0x00000000ec980000)
  to   space 1536K, 0% used [0x00000000ec680000,0x00000000ec680000,0x00000000ec800000)
 ParOldGen       total 68608K, used 37778K [0x00000000c0000000, 0x00000000c4300000, 0x00000000eab00000)
  object space 68608K, 55% used [0x00000000c0000000,0x00000000c24e4850,0x00000000c4300000)
 Metaspace       used 59979K, committed 61248K, reserved 1114112K
  class space    used 7374K, committed 7936K, reserved 1048576K
}
Event: 46.112 GC heap before
{Heap before GC invocations=36 (full 3):
 PSYoungGen      total 23552K, used 23168K [0x00000000eab00000, 0x00000000ec980000, 0x0000000100000000)
  eden space 22016K, 100% used [0x00000000eab00000,0x00000000ec080000,0x00000000ec080000)
  from space 1536K, 75% used [0x00000000ec800000,0x00000000ec920340,0x00000000ec980000)
  to   space 1536K, 0% used [0x00000000ec680000,0x00000000ec680000,0x00000000ec800000)
 ParOldGen       total 68608K, used 37778K [0x00000000c0000000, 0x00000000c4300000, 0x00000000eab00000)
  object space 68608K, 55% used [0x00000000c0000000,0x00000000c24e4850,0x00000000c4300000)
 Metaspace       used 59979K, committed 61248K, reserved 1114112K
  class space    used 7374K, committed 7936K, reserved 1048576K
}
Event: 46.113 GC heap after
{Heap after GC invocations=36 (full 3):
 PSYoungGen      total 23040K, used 905K [0x00000000eab00000, 0x00000000ec880000, 0x0000000100000000)
  eden space 22016K, 0% used [0x00000000eab00000,0x00000000eab00000,0x00000000ec080000)
  from space 1024K, 88% used [0x00000000ec680000,0x00000000ec762420,0x00000000ec780000)
  to   space 1024K, 0% used [0x00000000ec780000,0x00000000ec780000,0x00000000ec880000)
 ParOldGen       total 68608K, used 37794K [0x00000000c0000000, 0x00000000c4300000, 0x00000000eab00000)
  object space 68608K, 55% used [0x00000000c0000000,0x00000000c24e8850,0x00000000c4300000)
 Metaspace       used 59979K, committed 61248K, reserved 1114112K
  class space    used 7374K, committed 7936K, reserved 1048576K
}
Event: 46.505 GC heap before
{Heap before GC invocations=37 (full 3):
 PSYoungGen      total 23040K, used 22921K [0x00000000eab00000, 0x00000000ec880000, 0x0000000100000000)
  eden space 22016K, 100% used [0x00000000eab00000,0x00000000ec080000,0x00000000ec080000)
  from space 1024K, 88% used [0x00000000ec680000,0x00000000ec762420,0x00000000ec780000)
  to   space 1024K, 0% used [0x00000000ec780000,0x00000000ec780000,0x00000000ec880000)
 ParOldGen       total 68608K, used 37794K [0x00000000c0000000, 0x00000000c4300000, 0x00000000eab00000)
  object space 68608K, 55% used [0x00000000c0000000,0x00000000c24e8850,0x00000000c4300000)
 Metaspace       used 59979K, committed 61248K, reserved 1114112K
  class space    used 7374K, committed 7936K, reserved 1048576K
}
Event: 46.506 GC heap after
{Heap after GC invocations=37 (full 3):
 PSYoungGen      total 23040K, used 696K [0x00000000eab00000, 0x00000000ec880000, 0x0000000100000000)
  eden space 22016K, 0% used [0x00000000eab00000,0x00000000eab00000,0x00000000ec080000)
  from space 1024K, 67% used [0x00000000ec780000,0x00000000ec82e020,0x00000000ec880000)
  to   space 1024K, 0% used [0x00000000ec680000,0x00000000ec680000,0x00000000ec780000)
 ParOldGen       total 68608K, used 37802K [0x00000000c0000000, 0x00000000c4300000, 0x00000000eab00000)
  object space 68608K, 55% used [0x00000000c0000000,0x00000000c24ea850,0x00000000c4300000)
 Metaspace       used 59979K, committed 61248K, reserved 1114112K
  class space    used 7374K, committed 7936K, reserved 1048576K
}
Event: 46.849 GC heap before
{Heap before GC invocations=38 (full 3):
 PSYoungGen      total 23040K, used 22712K [0x00000000eab00000, 0x00000000ec880000, 0x0000000100000000)
  eden space 22016K, 100% used [0x00000000eab00000,0x00000000ec080000,0x00000000ec080000)
  from space 1024K, 67% used [0x00000000ec780000,0x00000000ec82e020,0x00000000ec880000)
  to   space 1024K, 0% used [0x00000000ec680000,0x00000000ec680000,0x00000000ec780000)
 ParOldGen       total 68608K, used 37802K [0x00000000c0000000, 0x00000000c4300000, 0x00000000eab00000)
  object space 68608K, 55% used [0x00000000c0000000,0x00000000c24ea850,0x00000000c4300000)
 Metaspace       used 59979K, committed 61248K, reserved 1114112K
  class space    used 7374K, committed 7936K, reserved 1048576K
}
Event: 46.850 GC heap after
{Heap after GC invocations=38 (full 3):
 PSYoungGen      total 23040K, used 738K [0x00000000eab00000, 0x00000000ec800000, 0x0000000100000000)
  eden space 22016K, 0% used [0x00000000eab00000,0x00000000eab00000,0x00000000ec080000)
  from space 1024K, 72% used [0x00000000ec680000,0x00000000ec738900,0x00000000ec780000)
  to   space 512K, 0% used [0x00000000ec780000,0x00000000ec780000,0x00000000ec800000)
 ParOldGen       total 68608K, used 37818K [0x00000000c0000000, 0x00000000c4300000, 0x00000000eab00000)
  object space 68608K, 55% used [0x00000000c0000000,0x00000000c24ee850,0x00000000c4300000)
 Metaspace       used 59979K, committed 61248K, reserved 1114112K
  class space    used 7374K, committed 7936K, reserved 1048576K
}
Event: 47.802 GC heap before
{Heap before GC invocations=39 (full 3):
 PSYoungGen      total 23040K, used 22754K [0x00000000eab00000, 0x00000000ec800000, 0x0000000100000000)
  eden space 22016K, 100% used [0x00000000eab00000,0x00000000ec080000,0x00000000ec080000)
  from space 1024K, 72% used [0x00000000ec680000,0x00000000ec738900,0x00000000ec780000)
  to   space 512K, 0% used [0x00000000ec780000,0x00000000ec780000,0x00000000ec800000)
 ParOldGen       total 68608K, used 37818K [0x00000000c0000000, 0x00000000c4300000, 0x00000000eab00000)
  object space 68608K, 55% used [0x00000000c0000000,0x00000000c24ee850,0x00000000c4300000)
 Metaspace       used 60896K, committed 62208K, reserved 1114112K
  class space    used 7513K, committed 8064K, reserved 1048576K
}
Event: 47.803 GC heap after
{Heap after GC invocations=39 (full 3):
 PSYoungGen      total 22528K, used 288K [0x00000000eab00000, 0x00000000ec800000, 0x0000000100000000)
  eden space 22016K, 0% used [0x00000000eab00000,0x00000000eab00000,0x00000000ec080000)
  from space 512K, 56% used [0x00000000ec780000,0x00000000ec7c8000,0x00000000ec800000)
  to   space 512K, 0% used [0x00000000ec700000,0x00000000ec700000,0x00000000ec780000)
 ParOldGen       total 68608K, used 37834K [0x00000000c0000000, 0x00000000c4300000, 0x00000000eab00000)
  object space 68608K, 55% used [0x00000000c0000000,0x00000000c24f2850,0x00000000c4300000)
 Metaspace       used 60896K, committed 62208K, reserved 1114112K
  class space    used 7513K, committed 8064K, reserved 1048576K
}

