# JRE version: OpenJDK Runtime Environment (17.0.6) (build 17.0.6+0-b2043.56-10027231)
# Java VM: OpenJDK 64-Bit Server VM (17.0.6+0-b2043.56-10027231, mixed mode, tiered, compressed oops, compressed class ptrs, g1 gc, windows-amd64)
GC Precious Log:
 CPUs: 4 total, 4 available
 Memory: 8029M
 Large Page Support: Disabled
 NUMA Support: Disabled
 Compressed Oops: Enabled (Zero based)
 Heap Region Size: 2M
 Heap Min Capacity: 8M
 Heap Initial Capacity: 126M
 Heap Max Capacity: 4G
 Pre-touch: Disabled
 Parallel Workers: 4
 Concurrent Workers: 1
 Concurrent Refinement Workers: 4
 Periodic GC: Disabled
Heap:
 garbage-first heap   total 827392K, used 307058K [0x0000000700000000, 0x0000000800000000)
  region size 2048K, 18 young (36864K), 18 survivors (36864K)
 Metaspace       used 120815K, committed 122816K, reserved 1155072K
  class space    used 16005K, committed 16960K, reserved 1048576K
GC Heap History (20 events):
Event: 2810.312 GC heap after
{Heap after GC invocations=101 (full 0):
 garbage-first heap   total 798720K, used 213874K [0x0000000700000000, 0x0000000800000000)
  region size 2048K, 3 young (6144K), 3 survivors (6144K)
 Metaspace       used 118561K, committed 120448K, reserved 1155072K
  class space    used 15761K, committed 16640K, reserved 1048576K
}
Event: 2816.922 GC heap before
{Heap before GC invocations=101 (full 0):
 garbage-first heap   total 798720K, used 609138K [0x0000000700000000, 0x0000000800000000)
  region size 2048K, 197 young (403456K), 3 survivors (6144K)
 Metaspace       used 118916K, committed 120896K, reserved 1155072K
  class space    used 15795K, committed 16704K, reserved 1048576K
}
Event: 2817.049 GC heap after
{Heap after GC invocations=102 (full 0):
 garbage-first heap   total 2158592K, used 258930K [0x0000000700000000, 0x0000000800000000)
  region size 2048K, 25 young (51200K), 25 survivors (51200K)
 Metaspace       used 118916K, committed 120896K, reserved 1155072K
  class space    used 15795K, committed 16704K, reserved 1048576K
}
Event: 3199.072 GC heap before
{Heap before GC invocations=103 (full 0):
 garbage-first heap   total 827392K, used 559986K [0x0000000700000000, 0x0000000800000000)
  region size 2048K, 184 young (376832K), 25 survivors (51200K)
 Metaspace       used 119388K, committed 121472K, reserved 1155072K
  class space    used 15870K, committed 16832K, reserved 1048576K
}
Event: 3199.269 GC heap after
{Heap after GC invocations=104 (full 0):
 garbage-first heap   total 827392K, used 246261K [0x0000000700000000, 0x0000000800000000)
  region size 2048K, 7 young (14336K), 7 survivors (14336K)
 Metaspace       used 119388K, committed 121472K, reserved 1155072K
  class space    used 15870K, committed 16832K, reserved 1048576K
}
Event: 3200.901 GC heap before
{Heap before GC invocations=104 (full 0):
 garbage-first heap   total 827392K, used 272885K [0x0000000700000000, 0x0000000800000000)
  region size 2048K, 20 young (40960K), 7 survivors (14336K)
 Metaspace       used 119438K, committed 121472K, reserved 1155072K
  class space    used 15870K, committed 16832K, reserved 1048576K
}
Event: 3200.950 GC heap after
{Heap after GC invocations=105 (full 0):
 garbage-first heap   total 827392K, used 228081K [0x0000000700000000, 0x0000000800000000)
  region size 2048K, 3 young (6144K), 3 survivors (6144K)
 Metaspace       used 119438K, committed 121472K, reserved 1155072K
  class space    used 15870K, committed 16832K, reserved 1048576K
}
Event: 3211.231 GC heap before
{Heap before GC invocations=105 (full 0):
 garbage-first heap   total 827392K, used 633585K [0x0000000700000000, 0x0000000800000000)
  region size 2048K, 201 young (411648K), 3 survivors (6144K)
 Metaspace       used 119829K, committed 121856K, reserved 1155072K
  class space    used 15900K, committed 16832K, reserved 1048576K
}
Event: 3211.322 GC heap after
{Heap after GC invocations=106 (full 0):
 garbage-first heap   total 827392K, used 273626K [0x0000000700000000, 0x0000000800000000)
  region size 2048K, 26 young (53248K), 26 survivors (53248K)
 Metaspace       used 119829K, committed 121856K, reserved 1155072K
  class space    used 15900K, committed 16832K, reserved 1048576K
}
Event: 3215.566 GC heap before
{Heap before GC invocations=107 (full 0):
 garbage-first heap   total 827392K, used 523482K [0x0000000700000000, 0x0000000800000000)
  region size 2048K, 165 young (337920K), 26 survivors (53248K)
 Metaspace       used 119890K, committed 121920K, reserved 1155072K
  class space    used 15901K, committed 16832K, reserved 1048576K
}
Event: 3215.729 GC heap after
{Heap after GC invocations=108 (full 0):
 garbage-first heap   total 827392K, used 275114K [0x0000000700000000, 0x0000000800000000)
  region size 2048K, 19 young (38912K), 19 survivors (38912K)
 Metaspace       used 119890K, committed 121920K, reserved 1155072K
  class space    used 15901K, committed 16832K, reserved 1048576K
}
Event: 3215.754 GC heap before
{Heap before GC invocations=108 (full 0):
 garbage-first heap   total 827392K, used 277162K [0x0000000700000000, 0x0000000800000000)
  region size 2048K, 20 young (40960K), 19 survivors (38912K)
 Metaspace       used 119890K, committed 121920K, reserved 1155072K
  class space    used 15901K, committed 16832K, reserved 1048576K
}
Event: 3215.902 GC heap after
{Heap after GC invocations=109 (full 0):
 garbage-first heap   total 827392K, used 263026K [0x0000000700000000, 0x0000000800000000)
  region size 2048K, 2 young (4096K), 2 survivors (4096K)
 Metaspace       used 119890K, committed 121920K, reserved 1155072K
  class space    used 15901K, committed 16832K, reserved 1048576K
}
Event: 3226.082 GC heap before
{Heap before GC invocations=109 (full 0):
 garbage-first heap   total 827392K, used 625522K [0x0000000700000000, 0x0000000800000000)
  region size 2048K, 179 young (366592K), 2 survivors (4096K)
 Metaspace       used 120108K, committed 122112K, reserved 1155072K
  class space    used 15904K, committed 16832K, reserved 1048576K
}
Event: 3226.162 GC heap after
{Heap after GC invocations=110 (full 0):
 garbage-first heap   total 827392K, used 300842K [0x0000000700000000, 0x0000000800000000)
  region size 2048K, 21 young (43008K), 21 survivors (43008K)
 Metaspace       used 120108K, committed 122112K, reserved 1155072K
  class space    used 15904K, committed 16832K, reserved 1048576K
}
Event: 4072.842 GC heap before
{Heap before GC invocations=111 (full 0):
 garbage-first heap   total 827392K, used 493354K [0x0000000700000000, 0x0000000800000000)
  region size 2048K, 125 young (256000K), 21 survivors (43008K)
 Metaspace       used 120657K, committed 122688K, reserved 1155072K
  class space    used 15985K, committed 16960K, reserved 1048576K
}
Event: 4073.136 GC heap after
{Heap after GC invocations=112 (full 0):
 garbage-first heap   total 827392K, used 302851K [0x0000000700000000, 0x0000000800000000)
  region size 2048K, 11 young (22528K), 11 survivors (22528K)
 Metaspace       used 120657K, committed 122688K, reserved 1155072K
  class space    used 15985K, committed 16960K, reserved 1048576K
}
Event: 4076.385 GC heap before
{Heap before GC invocations=112 (full 0):
 garbage-first heap   total 827392K, used 321283K [0x0000000700000000, 0x0000000800000000)
  region size 2048K, 20 young (40960K), 11 survivors (22528K)
 Metaspace       used 120657K, committed 122688K, reserved 1155072K
  class space    used 15985K, committed 16960K, reserved 1048576K
}
Event: 4076.583 GC heap after
{Heap after GC invocations=113 (full 0):
 garbage-first heap   total 827392K, used 271218K [0x0000000700000000, 0x0000000800000000)
  region size 2048K, 3 young (6144K), 3 survivors (6144K)
 Metaspace       used 120657K, committed 122688K, reserved 1155072K
  class space    used 15985K, committed 16960K, reserved 1048576K
}
Event: 4091.979 GC heap before
{Heap before GC invocations=113 (full 0):
 garbage-first heap   total 827392K, used 555890K [0x0000000700000000, 0x0000000800000000)
  region size 2048K, 142 young (290816K), 3 survivors (6144K)
 Metaspace       used 120815K, committed 122816K, reserved 1155072K
  class space    used 16005K, committed 16960K, reserved 1048576K
}

