# JRE version: OpenJDK Runtime Environment (17.0.6) (build 17.0.6+0-b2043.56-10027231)
# Java VM: OpenJDK 64-Bit Server VM (17.0.6+0-b2043.56-10027231, mixed mode, tiered, compressed oops, compressed class ptrs, g1 gc, windows-amd64)
GC Precious Log:
 CPUs: 4 total, 4 available
 Memory: 8029M
 Large Page Support: Disabled
 NUMA Support: Disabled
 Compressed Oops: Enabled (Zero based)
 Heap Region Size: 2M
 Heap Min Capacity: 8M
 Heap Initial Capacity: 126M
 Heap Max Capacity: 4G
 Pre-touch: Disabled
 Parallel Workers: 4
 Concurrent Workers: 1
 Concurrent Refinement Workers: 4
 Periodic GC: Disabled
Heap:
 garbage-first heap   total 444416K, used 159021K [0x0000000700000000, 0x0000000800000000)
  region size 2048K, 2 young (4096K), 2 survivors (4096K)
 Metaspace       used 115044K, committed 116864K, reserved 1155072K
  class space    used 15365K, committed 16192K, reserved 1048576K
GC Heap History (20 events):
Event: 4978.227 GC heap after
{Heap after GC invocations=95 (full 0):
 garbage-first heap   total 444416K, used 195206K [0x0000000700000000, 0x0000000800000000)
  region size 2048K, 1 young (2048K), 1 survivors (2048K)
 Metaspace       used 114847K, committed 116288K, reserved 1155072K
  class space    used 15445K, committed 16064K, reserved 1048576K
}
Event: 6570.800 GC heap before
{Heap before GC invocations=95 (full 0):
 garbage-first heap   total 444416K, used 213638K [0x0000000700000000, 0x0000000800000000)
  region size 2048K, 10 young (20480K), 1 survivors (2048K)
 Metaspace       used 114851K, committed 116288K, reserved 1155072K
  class space    used 15445K, committed 16064K, reserved 1048576K
}
Event: 6570.860 GC heap after
{Heap after GC invocations=96 (full 0):
 garbage-first heap   total 444416K, used 189878K [0x0000000700000000, 0x0000000800000000)
  region size 2048K, 1 young (2048K), 1 survivors (2048K)
 Metaspace       used 114851K, committed 116288K, reserved 1155072K
  class space    used 15445K, committed 16064K, reserved 1048576K
}
Event: 6687.332 GC heap before
{Heap before GC invocations=96 (full 0):
 garbage-first heap   total 444416K, used 208310K [0x0000000700000000, 0x0000000800000000)
  region size 2048K, 10 young (20480K), 1 survivors (2048K)
 Metaspace       used 114851K, committed 116288K, reserved 1155072K
  class space    used 15445K, committed 16064K, reserved 1048576K
}
Event: 6687.596 GC heap after
{Heap after GC invocations=97 (full 0):
 garbage-first heap   total 444416K, used 186854K [0x0000000700000000, 0x0000000800000000)
  region size 2048K, 1 young (2048K), 1 survivors (2048K)
 Metaspace       used 114851K, committed 116288K, reserved 1155072K
  class space    used 15445K, committed 16064K, reserved 1048576K
}
Event: 10752.877 GC heap before
{Heap before GC invocations=97 (full 0):
 garbage-first heap   total 444416K, used 344550K [0x0000000700000000, 0x0000000800000000)
  region size 2048K, 79 young (161792K), 1 survivors (2048K)
 Metaspace       used 115318K, committed 116800K, reserved 1155072K
  class space    used 15516K, committed 16192K, reserved 1048576K
}
Event: 10752.976 GC heap after
{Heap after GC invocations=98 (full 0):
 garbage-first heap   total 444416K, used 193474K [0x0000000700000000, 0x0000000800000000)
  region size 2048K, 4 young (8192K), 4 survivors (8192K)
 Metaspace       used 115318K, committed 116800K, reserved 1155072K
  class space    used 15516K, committed 16192K, reserved 1048576K
}
Event: 10762.733 GC heap before
{Heap before GC invocations=99 (full 0):
 garbage-first heap   total 444416K, used 289730K [0x0000000700000000, 0x0000000800000000)
  region size 2048K, 59 young (120832K), 4 survivors (8192K)
 Metaspace       used 114620K, committed 116864K, reserved 1155072K
  class space    used 15321K, committed 16192K, reserved 1048576K
}
Event: 10762.762 GC heap after
{Heap after GC invocations=100 (full 0):
 garbage-first heap   total 444416K, used 183879K [0x0000000700000000, 0x0000000800000000)
  region size 2048K, 7 young (14336K), 7 survivors (14336K)
 Metaspace       used 114620K, committed 116864K, reserved 1155072K
  class space    used 15321K, committed 16192K, reserved 1048576K
}
Event: 10762.914 GC heap before
{Heap before GC invocations=100 (full 0):
 garbage-first heap   total 444416K, used 190023K [0x0000000700000000, 0x0000000800000000)
  region size 2048K, 10 young (20480K), 7 survivors (14336K)
 Metaspace       used 114627K, committed 116864K, reserved 1155072K
  class space    used 15323K, committed 16192K, reserved 1048576K
}
Event: 10763.074 GC heap after
{Heap after GC invocations=101 (full 0):
 garbage-first heap   total 444416K, used 142316K [0x0000000700000000, 0x0000000800000000)
  region size 2048K, 1 young (2048K), 1 survivors (2048K)
 Metaspace       used 114627K, committed 116864K, reserved 1155072K
  class space    used 15323K, committed 16192K, reserved 1048576K
}
Event: 10763.568 GC heap before
{Heap before GC invocations=101 (full 0):
 garbage-first heap   total 444416K, used 160748K [0x0000000700000000, 0x0000000800000000)
  region size 2048K, 10 young (20480K), 1 survivors (2048K)
 Metaspace       used 114643K, committed 116864K, reserved 1155072K
  class space    used 15328K, committed 16192K, reserved 1048576K
}
Event: 10763.610 GC heap after
{Heap after GC invocations=102 (full 0):
 garbage-first heap   total 444416K, used 130294K [0x0000000700000000, 0x0000000800000000)
  region size 2048K, 1 young (2048K), 1 survivors (2048K)
 Metaspace       used 114643K, committed 116864K, reserved 1155072K
  class space    used 15328K, committed 16192K, reserved 1048576K
}
Event: 10763.914 GC heap before
{Heap before GC invocations=102 (full 0):
 garbage-first heap   total 444416K, used 148726K [0x0000000700000000, 0x0000000800000000)
  region size 2048K, 10 young (20480K), 1 survivors (2048K)
 Metaspace       used 114659K, committed 116864K, reserved 1155072K
  class space    used 15333K, committed 16192K, reserved 1048576K
}
Event: 10763.946 GC heap after
{Heap after GC invocations=103 (full 0):
 garbage-first heap   total 444416K, used 126307K [0x0000000700000000, 0x0000000800000000)
  region size 2048K, 2 young (4096K), 2 survivors (4096K)
 Metaspace       used 114659K, committed 116864K, reserved 1155072K
  class space    used 15333K, committed 16192K, reserved 1048576K
}
Event: 10784.264 GC heap before
{Heap before GC invocations=103 (full 0):
 garbage-first heap   total 444416K, used 349539K [0x0000000700000000, 0x0000000800000000)
  region size 2048K, 111 young (227328K), 2 survivors (4096K)
 Metaspace       used 115019K, committed 116864K, reserved 1155072K
  class space    used 15373K, committed 16192K, reserved 1048576K
}
Event: 10784.436 GC heap after
{Heap after GC invocations=104 (full 0):
 garbage-first heap   total 444416K, used 148251K [0x0000000700000000, 0x0000000800000000)
  region size 2048K, 12 young (24576K), 12 survivors (24576K)
 Metaspace       used 115019K, committed 116864K, reserved 1155072K
  class space    used 15373K, committed 16192K, reserved 1048576K
}
Event: 10790.827 GC heap before
{Heap before GC invocations=105 (full 0):
 garbage-first heap   total 444416K, used 224027K [0x0000000700000000, 0x0000000800000000)
  region size 2048K, 49 young (100352K), 12 survivors (24576K)
 Metaspace       used 115040K, committed 116864K, reserved 1155072K
  class space    used 15364K, committed 16192K, reserved 1048576K
}
Event: 10791.002 GC heap after
{Heap after GC invocations=106 (full 0):
 garbage-first heap   total 444416K, used 159400K [0x0000000700000000, 0x0000000800000000)
  region size 2048K, 6 young (12288K), 6 survivors (12288K)
 Metaspace       used 115040K, committed 116864K, reserved 1155072K
  class space    used 15364K, committed 16192K, reserved 1048576K
}
Event: 10792.568 GC heap before
{Heap before GC invocations=106 (full 0):
 garbage-first heap   total 444416K, used 167592K [0x0000000700000000, 0x0000000800000000)
  region size 2048K, 10 young (20480K), 6 survivors (12288K)
 Metaspace       used 115044K, committed 116864K, reserved 1155072K
  class space    used 15365K, committed 16192K, reserved 1048576K
}

