# JRE version: OpenJDK Runtime Environment (17.0.6) (build 17.0.6+0-b2043.56-10027231)
# Java VM: OpenJDK 64-Bit Server VM (17.0.6+0-b2043.56-10027231, mixed mode, tiered, compressed oops, compressed class ptrs, g1 gc, windows-amd64)
GC Precious Log:
 CPUs: 4 total, 4 available
 Memory: 8029M
 Large Page Support: Disabled
 NUMA Support: Disabled
 Compressed Oops: Enabled (Zero based)
 Heap Region Size: 2M
 Heap Min Capacity: 8M
 Heap Initial Capacity: 126M
 Heap Max Capacity: 4G
 Pre-touch: Disabled
 Parallel Workers: 4
 Concurrent Workers: 1
 Concurrent Refinement Workers: 4
 Periodic GC: Disabled
Heap:
 garbage-first heap   total 876544K, used 656874K [0x0000000700000000, 0x0000000800000000)
  region size 2048K, 8 young (16384K), 8 survivors (16384K)
 Metaspace       used 125793K, committed 127872K, reserved 1163264K
  class space    used 16739K, committed 17728K, reserved 1048576K
GC Heap History (20 events):
Event: 15225.256 GC heap after
{Heap after GC invocations=102 (full 0):
 garbage-first heap   total 720896K, used 484765K [0x0000000700000000, 0x0000000800000000)
  region size 2048K, 10 young (20480K), 10 survivors (20480K)
 Metaspace       used 123343K, committed 125120K, reserved 1163264K
  class space    used 16433K, committed 17280K, reserved 1048576K
}
Event: 15228.551 GC heap before
{Heap before GC invocations=102 (full 0):
 garbage-first heap   total 720896K, used 603549K [0x0000000700000000, 0x0000000800000000)
  region size 2048K, 68 young (139264K), 10 survivors (20480K)
 Metaspace       used 124081K, committed 126016K, reserved 1163264K
  class space    used 16565K, committed 17472K, reserved 1048576K
}
Event: 15228.631 GC heap after
{Heap after GC invocations=103 (full 0):
 garbage-first heap   total 876544K, used 497523K [0x0000000700000000, 0x0000000800000000)
  region size 2048K, 6 young (12288K), 6 survivors (12288K)
 Metaspace       used 124081K, committed 126016K, reserved 1163264K
  class space    used 16565K, committed 17472K, reserved 1048576K
}
Event: 15231.755 GC heap before
{Heap before GC invocations=103 (full 0):
 garbage-first heap   total 876544K, used 696179K [0x0000000700000000, 0x0000000800000000)
  region size 2048K, 103 young (210944K), 6 survivors (12288K)
 Metaspace       used 124454K, committed 126464K, reserved 1163264K
  class space    used 16612K, committed 17536K, reserved 1048576K
}
Event: 15231.805 GC heap after
{Heap after GC invocations=104 (full 0):
 garbage-first heap   total 876544K, used 521146K [0x0000000700000000, 0x0000000800000000)
  region size 2048K, 13 young (26624K), 13 survivors (26624K)
 Metaspace       used 124454K, committed 126464K, reserved 1163264K
  class space    used 16612K, committed 17536K, reserved 1048576K
}
Event: 15232.914 GC heap before
{Heap before GC invocations=104 (full 0):
 garbage-first heap   total 876544K, used 648122K [0x0000000700000000, 0x0000000800000000)
  region size 2048K, 75 young (153600K), 13 survivors (26624K)
 Metaspace       used 124553K, committed 126528K, reserved 1163264K
  class space    used 16612K, committed 17536K, reserved 1048576K
}
Event: 15233.015 GC heap after
{Heap after GC invocations=105 (full 0):
 garbage-first heap   total 876544K, used 538624K [0x0000000700000000, 0x0000000800000000)
  region size 2048K, 9 young (18432K), 9 survivors (18432K)
 Metaspace       used 124553K, committed 126528K, reserved 1163264K
  class space    used 16612K, committed 17536K, reserved 1048576K
}
Event: 15236.271 GC heap before
{Heap before GC invocations=105 (full 0):
 garbage-first heap   total 876544K, used 710656K [0x0000000700000000, 0x0000000800000000)
  region size 2048K, 93 young (190464K), 9 survivors (18432K)
 Metaspace       used 124678K, committed 126656K, reserved 1163264K
  class space    used 16612K, committed 17536K, reserved 1048576K
}
Event: 15236.317 GC heap after
{Heap after GC invocations=106 (full 0):
 garbage-first heap   total 876544K, used 561045K [0x0000000700000000, 0x0000000800000000)
  region size 2048K, 12 young (24576K), 12 survivors (24576K)
 Metaspace       used 124678K, committed 126656K, reserved 1163264K
  class space    used 16612K, committed 17536K, reserved 1048576K
}
Event: 15237.358 GC heap before
{Heap before GC invocations=106 (full 0):
 garbage-first heap   total 876544K, used 718741K [0x0000000700000000, 0x0000000800000000)
  region size 2048K, 89 young (182272K), 12 survivors (24576K)
 Metaspace       used 124785K, committed 126784K, reserved 1163264K
  class space    used 16613K, committed 17536K, reserved 1048576K
}
Event: 15237.418 GC heap after
{Heap after GC invocations=107 (full 0):
 garbage-first heap   total 876544K, used 581448K [0x0000000700000000, 0x0000000800000000)
  region size 2048K, 11 young (22528K), 11 survivors (22528K)
 Metaspace       used 124785K, committed 126784K, reserved 1163264K
  class space    used 16613K, committed 17536K, reserved 1048576K
}
Event: 15238.914 GC heap before
{Heap before GC invocations=107 (full 0):
 garbage-first heap   total 876544K, used 726856K [0x0000000700000000, 0x0000000800000000)
  region size 2048K, 82 young (167936K), 11 survivors (22528K)
 Metaspace       used 124870K, committed 126848K, reserved 1163264K
  class space    used 16614K, committed 17536K, reserved 1048576K
}
Event: 15238.974 GC heap after
{Heap after GC invocations=108 (full 0):
 garbage-first heap   total 876544K, used 601900K [0x0000000700000000, 0x0000000800000000)
  region size 2048K, 11 young (22528K), 11 survivors (22528K)
 Metaspace       used 124870K, committed 126848K, reserved 1163264K
  class space    used 16614K, committed 17536K, reserved 1048576K
}
Event: 15428.124 GC heap before
{Heap before GC invocations=108 (full 0):
 garbage-first heap   total 876544K, used 730924K [0x0000000700000000, 0x0000000800000000)
  region size 2048K, 75 young (153600K), 11 survivors (22528K)
 Metaspace       used 125274K, committed 127296K, reserved 1163264K
  class space    used 16676K, committed 17600K, reserved 1048576K
}
Event: 15428.160 GC heap after
{Heap after GC invocations=109 (full 0):
 garbage-first heap   total 876544K, used 611104K [0x0000000700000000, 0x0000000800000000)
  region size 2048K, 6 young (12288K), 6 survivors (12288K)
 Metaspace       used 125274K, committed 127296K, reserved 1163264K
  class space    used 16676K, committed 17600K, reserved 1048576K
}
Event: 15429.807 GC heap before
{Heap before GC invocations=109 (full 0):
 garbage-first heap   total 876544K, used 738080K [0x0000000700000000, 0x0000000800000000)
  region size 2048K, 69 young (141312K), 6 survivors (12288K)
 Metaspace       used 125352K, committed 127360K, reserved 1163264K
  class space    used 16676K, committed 17600K, reserved 1048576K
}
Event: 15429.834 GC heap after
{Heap after GC invocations=110 (full 0):
 garbage-first heap   total 876544K, used 622418K [0x0000000700000000, 0x0000000800000000)
  region size 2048K, 9 young (18432K), 9 survivors (18432K)
 Metaspace       used 125352K, committed 127360K, reserved 1163264K
  class space    used 16676K, committed 17600K, reserved 1048576K
}
Event: 15430.996 GC heap before
{Heap before GC invocations=110 (full 0):
 garbage-first heap   total 876544K, used 743250K [0x0000000700000000, 0x0000000800000000)
  region size 2048K, 69 young (141312K), 9 survivors (18432K)
 Metaspace       used 125400K, committed 127424K, reserved 1163264K
  class space    used 16677K, committed 17600K, reserved 1048576K
}
Event: 15431.040 GC heap after
{Heap after GC invocations=111 (full 0):
 garbage-first heap   total 876544K, used 641024K [0x0000000700000000, 0x0000000800000000)
  region size 2048K, 9 young (18432K), 9 survivors (18432K)
 Metaspace       used 125400K, committed 127424K, reserved 1163264K
  class space    used 16677K, committed 17600K, reserved 1048576K
}
Event: 15432.625 GC heap before
{Heap before GC invocations=111 (full 0):
 garbage-first heap   total 876544K, used 747520K [0x0000000700000000, 0x0000000800000000)
  region size 2048K, 61 young (124928K), 9 survivors (18432K)
 Metaspace       used 125793K, committed 127872K, reserved 1163264K
  class space    used 16739K, committed 17728K, reserved 1048576K
}

