# JRE version: OpenJDK Runtime Environment Temurin-21.0.7+6 (21.0.7+6) (build 21.0.7+6-LTS)
# Java VM: OpenJDK 64-Bit Server VM Temurin-21.0.7+6 (21.0.7+6-LTS, mixed mode, sharing, tiered, compressed oops, compressed class ptrs, parallel gc, windows-amd64)
GC Precious Log:
 CardTable entry size: 512
 CPUs: 4 total, 4 available
 Memory: 8029M
 Large Page Support: Disabled
 NUMA Support: Disabled
 Compressed Oops: Enabled (32-bit)
 Alignments: Space 512K, Generation 512K, Heap 2M
 Heap Min Capacity: 100M
 Heap Initial Capacity: 100M
 Heap Max Capacity: 2G
 Pre-touch: Disabled
 Parallel Workers: 4
Heap:
 PSYoungGen      total 23552K, used 4234K [0x00000000d5580000, 0x00000000d7180000, 0x0000000100000000)
  eden space 22016K, 15% used [0x00000000d5580000,0x00000000d58d2030,0x00000000d6b00000)
  from space 1536K, 54% used [0x00000000d6e80000,0x00000000d6f50a70,0x00000000d7000000)
  to   space 1024K, 0% used [0x00000000d7080000,0x00000000d7080000,0x00000000d7180000)
 ParOldGen       total 68608K, used 37938K [0x0000000080000000, 0x0000000084300000, 0x00000000d5580000)
  object space 68608K, 55% used [0x0000000080000000,0x000000008250cb18,0x0000000084300000)
 Metaspace       used 60075K, committed 61504K, reserved 1114112K
  class space    used 7384K, committed 8064K, reserved 1048576K
GC Heap History (20 events):
Event: 33.857 GC heap before
{Heap before GC invocations=25 (full 2):
 PSYoungGen      total 23040K, used 22720K [0x00000000d5580000, 0x00000000d7380000, 0x0000000100000000)
  eden space 22016K, 100% used [0x00000000d5580000,0x00000000d6b00000,0x00000000d6b00000)
  from space 1024K, 68% used [0x00000000d7280000,0x00000000d7330030,0x00000000d7380000)
  to   space 2560K, 0% used [0x00000000d6e80000,0x00000000d6e80000,0x00000000d7100000)
 ParOldGen       total 68608K, used 35212K [0x0000000080000000, 0x0000000084300000, 0x00000000d5580000)
  object space 68608K, 51% used [0x0000000080000000,0x0000000082263070,0x0000000084300000)
 Metaspace       used 52077K, committed 53376K, reserved 1114112K
  class space    used 5966K, committed 6528K, reserved 1048576K
}
Event: 33.859 GC heap after
{Heap after GC invocations=25 (full 2):
 PSYoungGen      total 24576K, used 864K [0x00000000d5580000, 0x00000000d7300000, 0x0000000100000000)
  eden space 22016K, 0% used [0x00000000d5580000,0x00000000d5580000,0x00000000d6b00000)
  from space 2560K, 33% used [0x00000000d6e80000,0x00000000d6f58000,0x00000000d7100000)
  to   space 1536K, 0% used [0x00000000d7180000,0x00000000d7180000,0x00000000d7300000)
 ParOldGen       total 68608K, used 35836K [0x0000000080000000, 0x0000000084300000, 0x00000000d5580000)
  object space 68608K, 52% used [0x0000000080000000,0x00000000822ff0b0,0x0000000084300000)
 Metaspace       used 52077K, committed 53376K, reserved 1114112K
  class space    used 5966K, committed 6528K, reserved 1048576K
}
Event: 35.453 GC heap before
{Heap before GC invocations=26 (full 2):
 PSYoungGen      total 24576K, used 22880K [0x00000000d5580000, 0x00000000d7300000, 0x0000000100000000)
  eden space 22016K, 100% used [0x00000000d5580000,0x00000000d6b00000,0x00000000d6b00000)
  from space 2560K, 33% used [0x00000000d6e80000,0x00000000d6f58000,0x00000000d7100000)
  to   space 1536K, 0% used [0x00000000d7180000,0x00000000d7180000,0x00000000d7300000)
 ParOldGen       total 68608K, used 35836K [0x0000000080000000, 0x0000000084300000, 0x00000000d5580000)
  object space 68608K, 52% used [0x0000000080000000,0x00000000822ff0b0,0x0000000084300000)
 Metaspace       used 54357K, committed 55744K, reserved 1114112K
  class space    used 6270K, committed 6912K, reserved 1048576K
}
Event: 35.455 GC heap after
{Heap after GC invocations=26 (full 2):
 PSYoungGen      total 23040K, used 608K [0x00000000d5580000, 0x00000000d7280000, 0x0000000100000000)
  eden space 22016K, 0% used [0x00000000d5580000,0x00000000d5580000,0x00000000d6b00000)
  from space 1024K, 59% used [0x00000000d7180000,0x00000000d7218000,0x00000000d7280000)
  to   space 1024K, 0% used [0x00000000d7080000,0x00000000d7080000,0x00000000d7180000)
 ParOldGen       total 68608K, used 36625K [0x0000000080000000, 0x0000000084300000, 0x00000000d5580000)
  object space 68608K, 53% used [0x0000000080000000,0x00000000823c4678,0x0000000084300000)
 Metaspace       used 54357K, committed 55744K, reserved 1114112K
  class space    used 6270K, committed 6912K, reserved 1048576K
}
Event: 36.033 GC heap before
{Heap before GC invocations=27 (full 2):
 PSYoungGen      total 23040K, used 22610K [0x00000000d5580000, 0x00000000d7280000, 0x0000000100000000)
  eden space 22016K, 99% used [0x00000000d5580000,0x00000000d6afc800,0x00000000d6b00000)
  from space 1024K, 59% used [0x00000000d7180000,0x00000000d7218000,0x00000000d7280000)
  to   space 1024K, 0% used [0x00000000d7080000,0x00000000d7080000,0x00000000d7180000)
 ParOldGen       total 68608K, used 36625K [0x0000000080000000, 0x0000000084300000, 0x00000000d5580000)
  object space 68608K, 53% used [0x0000000080000000,0x00000000823c4678,0x0000000084300000)
 Metaspace       used 55831K, committed 57280K, reserved 1114112K
  class space    used 6509K, committed 7168K, reserved 1048576K
}
Event: 36.036 GC heap after
{Heap after GC invocations=27 (full 2):
 PSYoungGen      total 23040K, used 996K [0x00000000d5580000, 0x00000000d7200000, 0x0000000100000000)
  eden space 22016K, 0% used [0x00000000d5580000,0x00000000d5580000,0x00000000d6b00000)
  from space 1024K, 97% used [0x00000000d7080000,0x00000000d7179238,0x00000000d7180000)
  to   space 512K, 0% used [0x00000000d7180000,0x00000000d7180000,0x00000000d7200000)
 ParOldGen       total 68608K, used 37172K [0x0000000080000000, 0x0000000084300000, 0x00000000d5580000)
  object space 68608K, 54% used [0x0000000080000000,0x000000008244d3b8,0x0000000084300000)
 Metaspace       used 55831K, committed 57280K, reserved 1114112K
  class space    used 6509K, committed 7168K, reserved 1048576K
}
Event: 36.558 GC heap before
{Heap before GC invocations=28 (full 2):
 PSYoungGen      total 23040K, used 23012K [0x00000000d5580000, 0x00000000d7200000, 0x0000000100000000)
  eden space 22016K, 100% used [0x00000000d5580000,0x00000000d6b00000,0x00000000d6b00000)
  from space 1024K, 97% used [0x00000000d7080000,0x00000000d7179238,0x00000000d7180000)
  to   space 512K, 0% used [0x00000000d7180000,0x00000000d7180000,0x00000000d7200000)
 ParOldGen       total 68608K, used 37172K [0x0000000080000000, 0x0000000084300000, 0x00000000d5580000)
  object space 68608K, 54% used [0x0000000080000000,0x000000008244d3b8,0x0000000084300000)
 Metaspace       used 57332K, committed 58752K, reserved 1114112K
  class space    used 6811K, committed 7424K, reserved 1048576K
}
Event: 36.559 GC heap after
{Heap after GC invocations=28 (full 2):
 PSYoungGen      total 22528K, used 256K [0x00000000d5580000, 0x00000000d7200000, 0x0000000100000000)
  eden space 22016K, 0% used [0x00000000d5580000,0x00000000d5580000,0x00000000d6b00000)
  from space 512K, 50% used [0x00000000d7180000,0x00000000d71c0000,0x00000000d7200000)
  to   space 1024K, 0% used [0x00000000d7000000,0x00000000d7000000,0x00000000d7100000)
 ParOldGen       total 68608K, used 37900K [0x0000000080000000, 0x0000000084300000, 0x00000000d5580000)
  object space 68608K, 55% used [0x0000000080000000,0x0000000082503038,0x0000000084300000)
 Metaspace       used 57332K, committed 58752K, reserved 1114112K
  class space    used 6811K, committed 7424K, reserved 1048576K
}
Event: 36.998 GC heap before
{Heap before GC invocations=29 (full 2):
 PSYoungGen      total 22528K, used 20113K [0x00000000d5580000, 0x00000000d7200000, 0x0000000100000000)
  eden space 22016K, 90% used [0x00000000d5580000,0x00000000d68e4618,0x00000000d6b00000)
  from space 512K, 50% used [0x00000000d7180000,0x00000000d71c0000,0x00000000d7200000)
  to   space 1024K, 0% used [0x00000000d7000000,0x00000000d7000000,0x00000000d7100000)
 ParOldGen       total 68608K, used 37900K [0x0000000080000000, 0x0000000084300000, 0x00000000d5580000)
  object space 68608K, 55% used [0x0000000080000000,0x0000000082503038,0x0000000084300000)
 Metaspace       used 58390K, committed 59776K, reserved 1114112K
  class space    used 7067K, committed 7680K, reserved 1048576K
}
Event: 36.999 GC heap after
{Heap after GC invocations=29 (full 2):
 PSYoungGen      total 23040K, used 511K [0x00000000d5580000, 0x00000000d7200000, 0x0000000100000000)
  eden space 22016K, 0% used [0x00000000d5580000,0x00000000d5580000,0x00000000d6b00000)
  from space 1024K, 49% used [0x00000000d7000000,0x00000000d707fd38,0x00000000d7100000)
  to   space 1024K, 0% used [0x00000000d7100000,0x00000000d7100000,0x00000000d7200000)
 ParOldGen       total 68608K, used 38020K [0x0000000080000000, 0x0000000084300000, 0x00000000d5580000)
  object space 68608K, 55% used [0x0000000080000000,0x0000000082521038,0x0000000084300000)
 Metaspace       used 58390K, committed 59776K, reserved 1114112K
  class space    used 7067K, committed 7680K, reserved 1048576K
}
Event: 36.999 GC heap before
{Heap before GC invocations=30 (full 3):
 PSYoungGen      total 23040K, used 511K [0x00000000d5580000, 0x00000000d7200000, 0x0000000100000000)
  eden space 22016K, 0% used [0x00000000d5580000,0x00000000d5580000,0x00000000d6b00000)
  from space 1024K, 49% used [0x00000000d7000000,0x00000000d707fd38,0x00000000d7100000)
  to   space 1024K, 0% used [0x00000000d7100000,0x00000000d7100000,0x00000000d7200000)
 ParOldGen       total 68608K, used 38020K [0x0000000080000000, 0x0000000084300000, 0x00000000d5580000)
  object space 68608K, 55% used [0x0000000080000000,0x0000000082521038,0x0000000084300000)
 Metaspace       used 58390K, committed 59776K, reserved 1114112K
  class space    used 7067K, committed 7680K, reserved 1048576K
}
Event: 37.090 GC heap after
{Heap after GC invocations=30 (full 3):
 PSYoungGen      total 23040K, used 0K [0x00000000d5580000, 0x00000000d7200000, 0x0000000100000000)
  eden space 22016K, 0% used [0x00000000d5580000,0x00000000d5580000,0x00000000d6b00000)
  from space 1024K, 0% used [0x00000000d7000000,0x00000000d7000000,0x00000000d7100000)
  to   space 1024K, 0% used [0x00000000d7100000,0x00000000d7100000,0x00000000d7200000)
 ParOldGen       total 68608K, used 36438K [0x0000000080000000, 0x0000000084300000, 0x00000000d5580000)
  object space 68608K, 53% used [0x0000000080000000,0x0000000082395a30,0x0000000084300000)
 Metaspace       used 58390K, committed 59776K, reserved 1114112K
  class space    used 7067K, committed 7680K, reserved 1048576K
}
Event: 38.013 GC heap before
{Heap before GC invocations=31 (full 3):
 PSYoungGen      total 23040K, used 22016K [0x00000000d5580000, 0x00000000d7200000, 0x0000000100000000)
  eden space 22016K, 100% used [0x00000000d5580000,0x00000000d6b00000,0x00000000d6b00000)
  from space 1024K, 0% used [0x00000000d7000000,0x00000000d7000000,0x00000000d7100000)
  to   space 1024K, 0% used [0x00000000d7100000,0x00000000d7100000,0x00000000d7200000)
 ParOldGen       total 68608K, used 36438K [0x0000000080000000, 0x0000000084300000, 0x00000000d5580000)
  object space 68608K, 53% used [0x0000000080000000,0x0000000082395a30,0x0000000084300000)
 Metaspace       used 59659K, committed 61056K, reserved 1114112K
  class space    used 7308K, committed 7936K, reserved 1048576K
}
Event: 38.014 GC heap after
{Heap after GC invocations=31 (full 3):
 PSYoungGen      total 22528K, used 384K [0x00000000d5580000, 0x00000000d7180000, 0x0000000100000000)
  eden space 22016K, 0% used [0x00000000d5580000,0x00000000d5580000,0x00000000d6b00000)
  from space 512K, 75% used [0x00000000d7100000,0x00000000d7160000,0x00000000d7180000)
  to   space 512K, 0% used [0x00000000d7080000,0x00000000d7080000,0x00000000d7100000)
 ParOldGen       total 68608K, used 36438K [0x0000000080000000, 0x0000000084300000, 0x00000000d5580000)
  object space 68608K, 53% used [0x0000000080000000,0x0000000082395a30,0x0000000084300000)
 Metaspace       used 59659K, committed 61056K, reserved 1114112K
  class space    used 7308K, committed 7936K, reserved 1048576K
}
Event: 38.613 GC heap before
{Heap before GC invocations=32 (full 3):
 PSYoungGen      total 22528K, used 22400K [0x00000000d5580000, 0x00000000d7180000, 0x0000000100000000)
  eden space 22016K, 100% used [0x00000000d5580000,0x00000000d6b00000,0x00000000d6b00000)
  from space 512K, 75% used [0x00000000d7100000,0x00000000d7160000,0x00000000d7180000)
  to   space 512K, 0% used [0x00000000d7080000,0x00000000d7080000,0x00000000d7100000)
 ParOldGen       total 68608K, used 36438K [0x0000000080000000, 0x0000000084300000, 0x00000000d5580000)
  object space 68608K, 53% used [0x0000000080000000,0x0000000082395a30,0x0000000084300000)
 Metaspace       used 60075K, committed 61504K, reserved 1114112K
  class space    used 7384K, committed 8064K, reserved 1048576K
}
Event: 38.614 GC heap after
{Heap after GC invocations=32 (full 3):
 PSYoungGen      total 22528K, used 489K [0x00000000d5580000, 0x00000000d7180000, 0x0000000100000000)
  eden space 22016K, 0% used [0x00000000d5580000,0x00000000d5580000,0x00000000d6b00000)
  from space 512K, 95% used [0x00000000d7080000,0x00000000d70fa628,0x00000000d7100000)
  to   space 512K, 0% used [0x00000000d7100000,0x00000000d7100000,0x00000000d7180000)
 ParOldGen       total 68608K, used 37114K [0x0000000080000000, 0x0000000084300000, 0x00000000d5580000)
  object space 68608K, 54% used [0x0000000080000000,0x000000008243ea00,0x0000000084300000)
 Metaspace       used 60075K, committed 61504K, reserved 1114112K
  class space    used 7384K, committed 8064K, reserved 1048576K
}
Event: 39.742 GC heap before
{Heap before GC invocations=33 (full 3):
 PSYoungGen      total 22528K, used 22505K [0x00000000d5580000, 0x00000000d7180000, 0x0000000100000000)
  eden space 22016K, 100% used [0x00000000d5580000,0x00000000d6b00000,0x00000000d6b00000)
  from space 512K, 95% used [0x00000000d7080000,0x00000000d70fa628,0x00000000d7100000)
  to   space 512K, 0% used [0x00000000d7100000,0x00000000d7100000,0x00000000d7180000)
 ParOldGen       total 68608K, used 37114K [0x0000000080000000, 0x0000000084300000, 0x00000000d5580000)
  object space 68608K, 54% used [0x0000000080000000,0x000000008243ea00,0x0000000084300000)
 Metaspace       used 60075K, committed 61504K, reserved 1114112K
  class space    used 7384K, committed 8064K, reserved 1048576K
}
Event: 39.743 GC heap after
{Heap after GC invocations=33 (full 3):
 PSYoungGen      total 22528K, used 505K [0x00000000d5580000, 0x00000000d7180000, 0x0000000100000000)
  eden space 22016K, 0% used [0x00000000d5580000,0x00000000d5580000,0x00000000d6b00000)
  from space 512K, 98% used [0x00000000d7100000,0x00000000d717e7a0,0x00000000d7180000)
  to   space 1536K, 0% used [0x00000000d6e80000,0x00000000d6e80000,0x00000000d7000000)
 ParOldGen       total 68608K, used 37874K [0x0000000080000000, 0x0000000084300000, 0x00000000d5580000)
  object space 68608K, 55% used [0x0000000080000000,0x00000000824fcb18,0x0000000084300000)
 Metaspace       used 60075K, committed 61504K, reserved 1114112K
  class space    used 7384K, committed 8064K, reserved 1048576K
}
Event: 40.226 GC heap before
{Heap before GC invocations=34 (full 3):
 PSYoungGen      total 22528K, used 22521K [0x00000000d5580000, 0x00000000d7180000, 0x0000000100000000)
  eden space 22016K, 100% used [0x00000000d5580000,0x00000000d6b00000,0x00000000d6b00000)
  from space 512K, 98% used [0x00000000d7100000,0x00000000d717e7a0,0x00000000d7180000)
  to   space 1536K, 0% used [0x00000000d6e80000,0x00000000d6e80000,0x00000000d7000000)
 ParOldGen       total 68608K, used 37874K [0x0000000080000000, 0x0000000084300000, 0x00000000d5580000)
  object space 68608K, 55% used [0x0000000080000000,0x00000000824fcb18,0x0000000084300000)
 Metaspace       used 60075K, committed 61504K, reserved 1114112K
  class space    used 7384K, committed 8064K, reserved 1048576K
}
Event: 40.226 GC heap after
{Heap after GC invocations=34 (full 3):
 PSYoungGen      total 23552K, used 834K [0x00000000d5580000, 0x00000000d7180000, 0x0000000100000000)
  eden space 22016K, 0% used [0x00000000d5580000,0x00000000d5580000,0x00000000d6b00000)
  from space 1536K, 54% used [0x00000000d6e80000,0x00000000d6f50a70,0x00000000d7000000)
  to   space 1024K, 0% used [0x00000000d7080000,0x00000000d7080000,0x00000000d7180000)
 ParOldGen       total 68608K, used 37938K [0x0000000080000000, 0x0000000084300000, 0x00000000d5580000)
  object space 68608K, 55% used [0x0000000080000000,0x000000008250cb18,0x0000000084300000)
 Metaspace       used 60075K, committed 61504K, reserved 1114112K
  class space    used 7384K, committed 8064K, reserved 1048576K
}

